#
# There is insufficient memory for the Java Runtime Environment to continue.
# Native memory allocation (mmap) failed to map 112197632 bytes for committing reserved memory.
# Possible reasons:
#   The system is out of physical RAM or swap space
#   In 32 bit mode, the process size limit was hit
# Possible solutions:
#   Reduce memory load on the system
#   Increase physical memory or swap space
#   Check if swap backing store is full
#   Use 64 bit Java on a 64 bit OS
#   Decrease Java heap size (-Xmx/-Xms)
#   Decrease number of Java threads
#   Decrease Java thread stack sizes (-Xss)
#   Set larger code cache with -XX:ReservedCodeCacheSize=
# This output file may be truncated or incomplete.
#
#  Out of Memory Error (os_linux.cpp:2627), pid=6574, tid=0x00007f6beabeb700
#
# JRE version: OpenJDK Runtime Environment (8.0_112-b06) (build 1.8.0_112-release-b06)
# Java VM: OpenJDK 64-Bit Server VM (25.112-b06 mixed mode linux-amd64 compressed oops)
# Failed to write core dump. Core dumps have been disabled. To enable core dumping, try "ulimit -c unlimited" before starting Java again
#

---------------  T H R E A D  ---------------

Current thread (0x00007f6c1007f800):  VMThread [stack: 0x00007f6beaaeb000,0x00007f6beabec000] [id=6588]

Stack: [0x00007f6beaaeb000,0x00007f6beabec000],  sp=0x00007f6beabea4a0,  free space=1021k
Native frames: (J=compiled Java code, j=interpreted, Vv=VM code, C=native code)
V  [libjvm.so+0x9e465d]  VMError::report_and_die()+0x15d
V  [libjvm.so+0x4b6ada]  report_vm_out_of_memory(char const*, int, unsigned long, VMErrorType, char const*)+0x8a
V  [libjvm.so+0x84c860]  os::pd_commit_memory(char*, unsigned long, unsigned long, bool)+0xf0
V  [libjvm.so+0x84737f]  os::commit_memory(char*, unsigned long, unsigned long, bool)+0x1f
V  [libjvm.so+0x8bd3db]  PSVirtualSpace::expand_by(unsigned long)+0x5b
V  [libjvm.so+0x8be050]  PSYoungGen::resize_generation(unsigned long, unsigned long)+0xb0
V  [libjvm.so+0x8be36b]  PSYoungGen::resize(unsigned long, unsigned long)+0x1b
V  [libjvm.so+0x8baa5c]  PSScavenge::invoke_no_policy()+0xdac
V  [libjvm.so+0x8b4560]  PSParallelCompact::invoke(bool)+0x40
V  [libjvm.so+0x446d63]  CollectedHeap::collect_as_vm_thread(GCCause::Cause)+0x143
V  [libjvm.so+0x9e5a91]  VM_CollectForMetadataAllocation::doit()+0x141
V  [libjvm.so+0x9ea537]  VM_Operation::evaluate()+0x47
V  [libjvm.so+0x9e8ff8]  VMThread::evaluate_operation(VM_Operation*)+0x2c8
V  [libjvm.so+0x9e9479]  VMThread::loop()+0x219
V  [libjvm.so+0x9e98c2]  VMThread::run()+0x72
V  [libjvm.so+0x849c82]  java_start(Thread*)+0xf2

VM_Operation (0x00007f6be3ff4860): CollectForMetadataAllocation, mode: safepoint, requested by thread 0x00007f6b9c008000


---------------  P R O C E S S  ---------------

Java Threads: ( => current thread )
  0x00007f6b98c88000 JavaThread "Cache update executor" [_thread_blocked, id=6614, stack(0x00007f6be1728000,0x00007f6be1829000)]
  0x00007f6b99983000 JavaThread "pool-2-thread-1" [_thread_blocked, id=6612, stack(0x00007f6be283c000,0x00007f6be293d000)]
  0x00007f6b99106800 JavaThread "File lock request listener" [_thread_in_native, id=6611, stack(0x00007f6be2db3000,0x00007f6be2eb4000)]
  0x00007f6b99007800 JavaThread "process reaper" daemon [_thread_blocked, id=6610, stack(0x00007f6be33c3000,0x00007f6be33fc000)]
  0x00007f6b98009800 JavaThread "Stdin handler" [_thread_blocked, id=6608, stack(0x00007f6be3bfc000,0x00007f6be3cfd000)]
  0x00007f6c10cf5800 JavaThread "pool-1-thread-1" [_thread_blocked, id=6607, stack(0x00007f6be3cfd000,0x00007f6be3dfe000)]
  0x00007f6b98008000 JavaThread "Asynchronous log dispatcher for DefaultDaemonConnection: socket connection from /127.0.0.1:44106 to /127.0.0.1:56720" [_thread_blocked, id=6606, stack(0x00007f6be3dfe000,0x00007f6be3eff000)]
  0x00007f6b9c008000 JavaThread "Daemon worker" [_thread_blocked, id=6603, stack(0x00007f6be3eff000,0x00007f6be4000000)]
  0x00007f6b9c006800 JavaThread "Cancel handler" [_thread_blocked, id=6602, stack(0x00007f6be809e000,0x00007f6be819f000)]
  0x00007f6b9c005800 JavaThread "Handler for socket connection from /127.0.0.1:44106 to /127.0.0.1:56720" [_thread_in_native, id=6601, stack(0x00007f6be839f000,0x00007f6be84a0000)]
  0x00007f6ba8041800 JavaThread "Daemon" [_thread_blocked, id=6600, stack(0x00007f6be84a0000,0x00007f6be85a1000)]
  0x00007f6c10ca1000 JavaThread "Incoming local TCP Connector on port 44106" [_thread_in_native, id=6599, stack(0x00007f6be87a8000,0x00007f6be88a9000)]
  0x00007f6c100d2800 JavaThread "Service Thread" daemon [_thread_blocked, id=6596, stack(0x00007f6bea00b000,0x00007f6bea10c000)]
  0x00007f6c100c7000 JavaThread "C1 CompilerThread3" daemon [_thread_blocked, id=6595, stack(0x00007f6bea10c000,0x00007f6bea20d000)]
  0x00007f6c100c5000 JavaThread "C2 CompilerThread2" daemon [_thread_blocked, id=6594, stack(0x00007f6bea20d000,0x00007f6bea30e000)]
  0x00007f6c100c3800 JavaThread "C2 CompilerThread1" daemon [_thread_blocked, id=6593, stack(0x00007f6bea30e000,0x00007f6bea40f000)]
  0x00007f6c100c0800 JavaThread "C2 CompilerThread0" daemon [_thread_blocked, id=6592, stack(0x00007f6bea40f000,0x00007f6bea510000)]
  0x00007f6c100bf000 JavaThread "Signal Dispatcher" daemon [_thread_blocked, id=6591, stack(0x00007f6bea510000,0x00007f6bea611000)]
  0x00007f6c1008c000 JavaThread "Finalizer" daemon [_thread_blocked, id=6590, stack(0x00007f6bea8e9000,0x00007f6bea9ea000)]
  0x00007f6c10087000 JavaThread "Reference Handler" daemon [_thread_blocked, id=6589, stack(0x00007f6bea9ea000,0x00007f6beaaeb000)]
  0x00007f6c1000a000 JavaThread "main" [_thread_blocked, id=6577, stack(0x00007f6c1747e000,0x00007f6c1757f000)]

Other Threads:
=>0x00007f6c1007f800 VMThread [stack: 0x00007f6beaaeb000,0x00007f6beabec000] [id=6588]
  0x00007f6c100d5000 WatcherThread [stack: 0x00007f6be9f0a000,0x00007f6bea00b000] [id=6597]

VM state:at safepoint (normal execution)

VM Mutex/Monitor currently owned by a thread:  ([mutex/lock_event])
[0x00007f6c10006430] Threads_lock - owner thread: 0x00007f6c1007f800
[0x00007f6c10006930] Heap_lock - owner thread: 0x00007f6b9c008000

Heap:
 PSYoungGen      total 220160K, used 19952K [0x00000000e0000000, 0x00000000eeb00000, 0x0000000100000000)
  eden space 200192K, 0% used [0x00000000e0000000,0x00000000e0000000,0x00000000ec380000)
  from space 19968K, 99% used [0x00000000ec380000,0x00000000ed6fc120,0x00000000ed700000)
  to   space 14336K, 0% used [0x00000000ed700000,0x00000000ed700000,0x00000000ee500000)
 ParOldGen       total 92160K, used 25426K [0x00000000a0000000, 0x00000000a5a00000, 0x00000000e0000000)
  object space 92160K, 27% used [0x00000000a0000000,0x00000000a18d4a18,0x00000000a5a00000)
 Metaspace       used 57197K, capacity 59076K, committed 59160K, reserved 1099776K
  class space    used 7639K, capacity 8053K, committed 8112K, reserved 1048576K

Card table byte_map: [0x00007f6c1401b000,0x00007f6c1431c000] byte_map_base: 0x00007f6c13b1b000

Marking Bits: (ParMarkBitMap*) 0x00007f6c16958340
 Begin Bits: [0x00007f6bf9000000, 0x00007f6bfa800000)
 End Bits:   [0x00007f6bfa800000, 0x00007f6bfc000000)

Polling page: 0x00007f6c175aa000

CodeCache: size=245760Kb used=25944Kb max_used=25944Kb free=219815Kb
 bounds [0x00007f6c01000000, 0x00007f6c02980000, 0x00007f6c10000000]
 total_blobs=8185 nmethods=7413 adapters=684
 compilation: enabled

Compilation events (10 events):
Event: 7.425 Thread 0x00007f6c100c7000 8260       3       java.net.URI::toURL (29 bytes)
Event: 7.425 Thread 0x00007f6c100c7000 nmethod 8260 0x00007f6c0296aa90 code [0x00007f6c0296ac60, 0x00007f6c0296b288]
Event: 7.429 Thread 0x00007f6c100c0800 8261       4       java.lang.String::<init> (10 bytes)
Event: 7.429 Thread 0x00007f6c100c0800 nmethod 8261 0x00007f6c02856590 code [0x00007f6c028566e0, 0x00007f6c02856758]
Event: 7.442 Thread 0x00007f6c100c7000 8263       3       java.lang.invoke.InvokerBytecodeGenerator::emitStaticInvoke (246 bytes)
Event: 7.445 Thread 0x00007f6c100c7000 nmethod 8263 0x00007f6c0296cfd0 code [0x00007f6c0296d3a0, 0x00007f6c0296f698]
Event: 7.445 Thread 0x00007f6c100c7000 8264       3       java.lang.invoke.InvokerBytecodeGenerator::refKindOpcode (112 bytes)
Event: 7.445 Thread 0x00007f6c100c7000 nmethod 8264 0x00007f6c0296c190 code [0x00007f6c0296c380, 0x00007f6c0296cc38]
Event: 7.465 Thread 0x00007f6c100c7000 8268       3       java.lang.Class::searchFields (41 bytes)
Event: 7.465 Thread 0x00007f6c100c7000 nmethod 8268 0x00007f6c0295f750 code [0x00007f6c0295f960, 0x00007f6c029602e8]

GC Heap History (10 events):
Event: 2.949 GC heap after
Heap after GC invocations=6 (full 1):
 PSYoungGen      total 132096K, used 5108K [0x00000000e0000000, 0x00000000e9d80000, 0x0000000100000000)
  eden space 126976K, 0% used [0x00000000e0000000,0x00000000e0000000,0x00000000e7c00000)
  from space 5120K, 99% used [0x00000000e7c00000,0x00000000e80fd020,0x00000000e8100000)
  to   space 12800K, 0% used [0x00000000e9100000,0x00000000e9100000,0x00000000e9d80000)
 ParOldGen       total 67584K, used 19175K [0x00000000a0000000, 0x00000000a4200000, 0x00000000e0000000)
  object space 67584K, 28% used [0x00000000a0000000,0x00000000a12b9c90,0x00000000a4200000)
 Metaspace       used 33424K, capacity 34102K, committed 34480K, reserved 1079296K
  class space    used 4495K, capacity 4697K, committed 4784K, reserved 1048576K
}
Event: 3.265 GC heap before
{Heap before GC invocations=7 (full 1):
 PSYoungGen      total 132096K, used 45940K [0x00000000e0000000, 0x00000000e9d80000, 0x0000000100000000)
  eden space 126976K, 32% used [0x00000000e0000000,0x00000000e27e02c8,0x00000000e7c00000)
  from space 5120K, 99% used [0x00000000e7c00000,0x00000000e80fd020,0x00000000e8100000)
  to   space 12800K, 0% used [0x00000000e9100000,0x00000000e9100000,0x00000000e9d80000)
 ParOldGen       total 67584K, used 19175K [0x00000000a0000000, 0x00000000a4200000, 0x00000000e0000000)
  object space 67584K, 28% used [0x00000000a0000000,0x00000000a12b9c90,0x00000000a4200000)
 Metaspace       used 34662K, capacity 35330K, committed 35496K, reserved 1079296K
  class space    used 4652K, capacity 4827K, committed 4912K, reserved 1048576K
Event: 3.289 GC heap after
Heap after GC invocations=7 (full 1):
 PSYoungGen      total 148992K, used 7474K [0x00000000e0000000, 0x00000000ed500000, 0x0000000100000000)
  eden space 136192K, 0% used [0x00000000e0000000,0x00000000e0000000,0x00000000e8500000)
  from space 12800K, 58% used [0x00000000e9100000,0x00000000e984c828,0x00000000e9d80000)
  to   space 12288K, 0% used [0x00000000e8500000,0x00000000e8500000,0x00000000e9100000)
 ParOldGen       total 67584K, used 19183K [0x00000000a0000000, 0x00000000a4200000, 0x00000000e0000000)
  object space 67584K, 28% used [0x00000000a0000000,0x00000000a12bbc90,0x00000000a4200000)
 Metaspace       used 34662K, capacity 35330K, committed 35496K, reserved 1079296K
  class space    used 4652K, capacity 4827K, committed 4912K, reserved 1048576K
}
Event: 3.289 GC heap before
{Heap before GC invocations=8 (full 2):
 PSYoungGen      total 148992K, used 7474K [0x00000000e0000000, 0x00000000ed500000, 0x0000000100000000)
  eden space 136192K, 0% used [0x00000000e0000000,0x00000000e0000000,0x00000000e8500000)
  from space 12800K, 58% used [0x00000000e9100000,0x00000000e984c828,0x00000000e9d80000)
  to   space 12288K, 0% used [0x00000000e8500000,0x00000000e8500000,0x00000000e9100000)
 ParOldGen       total 67584K, used 19183K [0x00000000a0000000, 0x00000000a4200000, 0x00000000e0000000)
  object space 67584K, 28% used [0x00000000a0000000,0x00000000a12bbc90,0x00000000a4200000)
 Metaspace       used 34662K, capacity 35330K, committed 35496K, reserved 1079296K
  class space    used 4652K, capacity 4827K, committed 4912K, reserved 1048576K
Event: 3.343 GC heap after
Heap after GC invocations=8 (full 2):
 PSYoungGen      total 148992K, used 0K [0x00000000e0000000, 0x00000000ed500000, 0x0000000100000000)
  eden space 136192K, 0% used [0x00000000e0000000,0x00000000e0000000,0x00000000e8500000)
  from space 12800K, 0% used [0x00000000e9100000,0x00000000e9100000,0x00000000e9d80000)
  to   space 12288K, 0% used [0x00000000e8500000,0x00000000e8500000,0x00000000e9100000)
 ParOldGen       total 92160K, used 14686K [0x00000000a0000000, 0x00000000a5a00000, 0x00000000e0000000)
  object space 92160K, 15% used [0x00000000a0000000,0x00000000a0e579c8,0x00000000a5a00000)
 Metaspace       used 34662K, capacity 35330K, committed 35496K, reserved 1079296K
  class space    used 4652K, capacity 4827K, committed 4912K, reserved 1048576K
}
Event: 4.453 GC heap before
{Heap before GC invocations=9 (full 2):
 PSYoungGen      total 148992K, used 136192K [0x00000000e0000000, 0x00000000ed500000, 0x0000000100000000)
  eden space 136192K, 100% used [0x00000000e0000000,0x00000000e8500000,0x00000000e8500000)
  from space 12800K, 0% used [0x00000000e9100000,0x00000000e9100000,0x00000000e9d80000)
  to   space 12288K, 0% used [0x00000000e8500000,0x00000000e8500000,0x00000000e9100000)
 ParOldGen       total 92160K, used 14686K [0x00000000a0000000, 0x00000000a5a00000, 0x00000000e0000000)
  object space 92160K, 15% used [0x00000000a0000000,0x00000000a0e579c8,0x00000000a5a00000)
 Metaspace       used 43699K, capacity 44702K, committed 44848K, reserved 1087488K
  class space    used 5844K, capacity 6068K, committed 6192K, reserved 1048576K
Event: 4.470 GC heap after
Heap after GC invocations=9 (full 2):
 PSYoungGen      total 148480K, used 12274K [0x00000000e0000000, 0x00000000ee500000, 0x0000000100000000)
  eden space 136192K, 0% used [0x00000000e0000000,0x00000000e0000000,0x00000000e8500000)
  from space 12288K, 99% used [0x00000000e8500000,0x00000000e90fc960,0x00000000e9100000)
  to   space 14336K, 0% used [0x00000000ed700000,0x00000000ed700000,0x00000000ee500000)
 ParOldGen       total 92160K, used 15394K [0x00000000a0000000, 0x00000000a5a00000, 0x00000000e0000000)
  object space 92160K, 16% used [0x00000000a0000000,0x00000000a0f089c8,0x00000000a5a00000)
 Metaspace       used 43699K, capacity 44702K, committed 44848K, reserved 1087488K
  class space    used 5844K, capacity 6068K, committed 6192K, reserved 1048576K
}
Event: 5.892 GC heap before
{Heap before GC invocations=10 (full 2):
 PSYoungGen      total 148480K, used 148466K [0x00000000e0000000, 0x00000000ee500000, 0x0000000100000000)
  eden space 136192K, 100% used [0x00000000e0000000,0x00000000e8500000,0x00000000e8500000)
  from space 12288K, 99% used [0x00000000e8500000,0x00000000e90fc960,0x00000000e9100000)
  to   space 14336K, 0% used [0x00000000ed700000,0x00000000ed700000,0x00000000ee500000)
 ParOldGen       total 92160K, used 15394K [0x00000000a0000000, 0x00000000a5a00000, 0x00000000e0000000)
  object space 92160K, 16% used [0x00000000a0000000,0x00000000a0f089c8,0x00000000a5a00000)
 Metaspace       used 50592K, capacity 52280K, committed 52528K, reserved 1095680K
  class space    used 6878K, capacity 7215K, committed 7216K, reserved 1048576K
Event: 5.912 GC heap after
Heap after GC invocations=10 (full 2):
 PSYoungGen      total 214528K, used 14307K [0x00000000e0000000, 0x00000000eeb00000, 0x0000000100000000)
  eden space 200192K, 0% used [0x00000000e0000000,0x00000000e0000000,0x00000000ec380000)
  from space 14336K, 99% used [0x00000000ed700000,0x00000000ee4f8c80,0x00000000ee500000)
  to   space 19968K, 0% used [0x00000000ec380000,0x00000000ec380000,0x00000000ed700000)
 ParOldGen       total 92160K, used 24537K [0x00000000a0000000, 0x00000000a5a00000, 0x00000000e0000000)
  object space 92160K, 26% used [0x00000000a0000000,0x00000000a17f6520,0x00000000a5a00000)
 Metaspace       used 50592K, capacity 52280K, committed 52528K, reserved 1095680K
  class space    used 6878K, capacity 7215K, committed 7216K, reserved 1048576K
}
Event: 7.543 GC heap before
{Heap before GC invocations=11 (full 2):
 PSYoungGen      total 214528K, used 117260K [0x00000000e0000000, 0x00000000eeb00000, 0x0000000100000000)
  eden space 200192K, 51% used [0x00000000e0000000,0x00000000e648a518,0x00000000ec380000)
  from space 14336K, 99% used [0x00000000ed700000,0x00000000ee4f8c80,0x00000000ee500000)
  to   space 19968K, 0% used [0x00000000ec380000,0x00000000ec380000,0x00000000ed700000)
 ParOldGen       total 92160K, used 24537K [0x00000000a0000000, 0x00000000a5a00000, 0x00000000e0000000)
  object space 92160K, 26% used [0x00000000a0000000,0x00000000a17f6520,0x00000000a5a00000)
 Metaspace       used 57197K, capacity 59076K, committed 59160K, reserved 1099776K
  class space    used 7639K, capacity 8053K, committed 8112K, reserved 1048576K

Deoptimization events (10 events):
Event: 6.862 Thread 0x00007f6b9c008000 Uncommon trap: reason=unstable_if action=reinterpret pc=0x00007f6c0241a21c method=com.google.common.collect.MapMakerInternalMap$Segment.getEntry(Ljava/lang/Object;I)Lcom/google/common/collect/MapMakerInternalMap$ReferenceEntry; @ 40
Event: 6.922 Thread 0x00007f6b98c88000 Uncommon trap: reason=bimorphic action=maybe_recompile pc=0x00007f6c025f295c method=java.util.Collections.indexedBinarySearch(Ljava/util/List;Ljava/lang/Object;)I @ 39
Event: 6.925 Thread 0x00007f6b98c88000 Uncommon trap: reason=bimorphic action=maybe_recompile pc=0x00007f6c025f295c method=java.util.Collections.indexedBinarySearch(Ljava/util/List;Ljava/lang/Object;)I @ 39
Event: 6.929 Thread 0x00007f6b98c88000 Uncommon trap: reason=bimorphic action=maybe_recompile pc=0x00007f6c025f295c method=java.util.Collections.indexedBinarySearch(Ljava/util/List;Ljava/lang/Object;)I @ 39
Event: 6.932 Thread 0x00007f6b98c88000 Uncommon trap: reason=bimorphic action=maybe_recompile pc=0x00007f6c025f295c method=java.util.Collections.indexedBinarySearch(Ljava/util/List;Ljava/lang/Object;)I @ 39
Event: 6.944 Thread 0x00007f6b9c008000 Uncommon trap: reason=unstable_if action=reinterpret pc=0x00007f6c0244bbfc method=com.google.common.collect.MapMakerInternalMap$Segment.drainKeyReferenceQueue()V @ 11
Event: 7.143 Thread 0x00007f6b9c008000 Uncommon trap: reason=range_check action=make_not_entrant pc=0x00007f6c0292046c method=sun.nio.fs.UnixDirectoryStream$UnixDirectoryIterator.isSelfOrParent([B)Z @ 2
Event: 7.143 Thread 0x00007f6b9c008000 Uncommon trap: reason=range_check action=make_not_entrant pc=0x00007f6c0291bd20 method=sun.nio.fs.UnixDirectoryStream$UnixDirectoryIterator.isSelfOrParent([B)Z @ 2
Event: 7.157 Thread 0x00007f6b9c008000 Uncommon trap: reason=unstable_if action=reinterpret pc=0x00007f6c02403c9c method=java.security.MessageDigest.isEqual([B[B)Z @ 53
Event: 7.287 Thread 0x00007f6b9c008000 Uncommon trap: reason=predicate action=maybe_recompile pc=0x00007f6c029525a0 method=java.util.AbstractCollection.toArray([Ljava/lang/Object;)[Ljava/lang/Object; @ 49

Internal exceptions (10 events):
Event: 5.192 Thread 0x00007f6b9c008000 Exception <a 'java/lang/ClassNotFoundException': org/gradle/model/internal/core/ModelMapGroovyViewCustomizer> (0x00000000e547a528) thrown at [/ssd/Android/AOSP-openjdk/external/jetbrains/jdk/hotspot/src/share/vm/classfile/systemDictionary.cpp, line 210]
Event: 5.192 Thread 0x00007f6b9c008000 Exception <a 'java/lang/ClassNotFoundException': org/gradle/model/internal/core/NodeBackedModelMapCustomizer> (0x00000000e54a0638) thrown at [/ssd/Android/AOSP-openjdk/external/jetbrains/jdk/hotspot/src/share/vm/classfile/systemDictionary.cpp, line 210]
Event: 5.193 Thread 0x00007f6b9c008000 Exception <a 'java/lang/ClassNotFoundException': org/gradle/platform/base/BinaryContainer_ImplCustomizer> (0x00000000e54ff490) thrown at [/ssd/Android/AOSP-openjdk/external/jetbrains/jdk/hotspot/src/share/vm/classfile/systemDictionary.cpp, line 210]
Event: 5.306 Thread 0x00007f6b9c008000 Exception <a 'java/lang/NoSuchMethodError': <clinit>> (0x00000000e5b0b650) thrown at [/ssd/Android/AOSP-openjdk/external/jetbrains/jdk/hotspot/src/share/vm/prims/jni.cpp, line 1613]
Event: 5.306 Thread 0x00007f6b9c008000 Exception <a 'java/lang/NoSuchMethodError': <clinit>> (0x00000000e5b18ef0) thrown at [/ssd/Android/AOSP-openjdk/external/jetbrains/jdk/hotspot/src/share/vm/prims/jni.cpp, line 1613]
Event: 5.312 Thread 0x00007f6b9c008000 Implicit null exception at 0x00007f6c01a78037 to 0x00007f6c01a78869
Event: 5.324 Thread 0x00007f6b9c008000 Exception <a 'java/lang/NoSuchMethodError': <clinit>> (0x00000000e5c756b8) thrown at [/ssd/Android/AOSP-openjdk/external/jetbrains/jdk/hotspot/src/share/vm/prims/jni.cpp, line 1613]
Event: 5.325 Thread 0x00007f6b9c008000 Exception <a 'java/lang/NoSuchMethodError': <clinit>> (0x00000000e5c8e410) thrown at [/ssd/Android/AOSP-openjdk/external/jetbrains/jdk/hotspot/src/share/vm/prims/jni.cpp, line 1613]
Event: 5.325 Thread 0x00007f6b9c008000 Exception <a 'java/lang/NoSuchMethodError': <clinit>> (0x00000000e5c90090) thrown at [/ssd/Android/AOSP-openjdk/external/jetbrains/jdk/hotspot/src/share/vm/prims/jni.cpp, line 1613]
Event: 7.250 Thread 0x00007f6b98c88000 Exception <a 'java/lang/NoSuchMethodError': <clinit>> (0x00000000e5f2bf10) thrown at [/ssd/Android/AOSP-openjdk/external/jetbrains/jdk/hotspot/src/share/vm/prims/jni.cpp, line 1613]

Events (10 events):
Event: 7.517 loading class com/android/build/gradle/internal/incremental/Redirection done
Event: 7.520 loading class com/android/build/gradle/internal/incremental/ConstructorRedirection
Event: 7.520 loading class com/android/build/gradle/internal/incremental/ConstructorRedirection done
Event: 7.521 loading class com/android/build/gradle/internal/incremental/MethodRedirection
Event: 7.521 loading class com/android/build/gradle/internal/incremental/MethodRedirection done
Event: 7.521 loading class com/android/build/gradle/internal/incremental/IncrementalSupportVisitor$ISMethodVisitor
Event: 7.521 loading class com/android/build/gradle/internal/incremental/IncrementalSupportVisitor$ISMethodVisitor done
Event: 7.522 loading class org/objectweb/asm/commons/GeneratorAdapter
Event: 7.522 loading class org/objectweb/asm/commons/GeneratorAdapter done
Event: 7.528 Executing VM operation: CollectForMetadataAllocation


Dynamic libraries:
00400000-00401000 r-xp 00000000 08:11 3019747                            /home/chris/Downloads/android-studio/jre/bin/java
00600000-00601000 r--p 00000000 08:11 3019747                            /home/chris/Downloads/android-studio/jre/bin/java
00601000-00602000 rw-p 00001000 08:11 3019747                            /home/chris/Downloads/android-studio/jre/bin/java
0247d000-0249e000 rw-p 00000000 00:00 0                                  [heap]
a0000000-a5a00000 rw-p 00000000 00:00 0 
a5a00000-e0000000 ---p 00000000 00:00 0 
e0000000-eeb00000 rw-p 00000000 00:00 0 
f5600000-100000000 ---p 00000000 00:00 0 
100000000-1007ec000 rw-p 00000000 00:00 0 
1007ec000-140000000 ---p 00000000 00:00 0 
7f6b74000000-7f6b74028000 rw-p 00000000 00:00 0 
7f6b74028000-7f6b78000000 ---p 00000000 00:00 0 
7f6b7c000000-7f6b7c021000 rw-p 00000000 00:00 0 
7f6b7c021000-7f6b80000000 ---p 00000000 00:00 0 
7f6b80000000-7f6b80021000 rw-p 00000000 00:00 0 
7f6b80021000-7f6b84000000 ---p 00000000 00:00 0 
7f6b84000000-7f6b84021000 rw-p 00000000 00:00 0 
7f6b84021000-7f6b88000000 ---p 00000000 00:00 0 
7f6b88000000-7f6b88021000 rw-p 00000000 00:00 0 
7f6b88021000-7f6b8c000000 ---p 00000000 00:00 0 
7f6b8c000000-7f6b8c021000 rw-p 00000000 00:00 0 
7f6b8c021000-7f6b90000000 ---p 00000000 00:00 0 
7f6b90000000-7f6b90021000 rw-p 00000000 00:00 0 
7f6b90021000-7f6b94000000 ---p 00000000 00:00 0 
7f6b94000000-7f6b94021000 rw-p 00000000 00:00 0 
7f6b94021000-7f6b98000000 ---p 00000000 00:00 0 
7f6b98000000-7f6b99f9b000 rw-p 00000000 00:00 0 
7f6b99f9b000-7f6b9c000000 ---p 00000000 00:00 0 
7f6b9c000000-7f6b9c021000 rw-p 00000000 00:00 0 
7f6b9c021000-7f6ba0000000 ---p 00000000 00:00 0 
7f6ba0000000-7f6ba0021000 rw-p 00000000 00:00 0 
7f6ba0021000-7f6ba4000000 ---p 00000000 00:00 0 
7f6ba4000000-7f6ba4021000 rw-p 00000000 00:00 0 
7f6ba4021000-7f6ba8000000 ---p 00000000 00:00 0 
7f6ba8000000-7f6ba807a000 rw-p 00000000 00:00 0 
7f6ba807a000-7f6bac000000 ---p 00000000 00:00 0 
7f6bac000000-7f6bad02a000 rw-p 00000000 00:00 0 
7f6bad02a000-7f6bb0000000 ---p 00000000 00:00 0 
7f6bb0000000-7f6bb0021000 rw-p 00000000 00:00 0 
7f6bb0021000-7f6bb4000000 ---p 00000000 00:00 0 
7f6bb4000000-7f6bb5d91000 rw-p 00000000 00:00 0 
7f6bb5d91000-7f6bb8000000 ---p 00000000 00:00 0 
7f6bb8000000-7f6bb9d61000 rw-p 00000000 00:00 0 
7f6bb9d61000-7f6bbc000000 ---p 00000000 00:00 0 
7f6bbc000000-7f6bbc021000 rw-p 00000000 00:00 0 
7f6bbc021000-7f6bc0000000 ---p 00000000 00:00 0 
7f6bc0000000-7f6bc1fdd000 rw-p 00000000 00:00 0 
7f6bc1fdd000-7f6bc4000000 ---p 00000000 00:00 0 
7f6bc4000000-7f6bc4021000 rw-p 00000000 00:00 0 
7f6bc4021000-7f6bc8000000 ---p 00000000 00:00 0 
7f6bc8000000-7f6bc8021000 rw-p 00000000 00:00 0 
7f6bc8021000-7f6bcc000000 ---p 00000000 00:00 0 
7f6bcc000000-7f6bcc021000 rw-p 00000000 00:00 0 
7f6bcc021000-7f6bd0000000 ---p 00000000 00:00 0 
7f6bd0000000-7f6bd0280000 rw-p 00000000 00:00 0 
7f6bd0280000-7f6bd4000000 ---p 00000000 00:00 0 
7f6bd4000000-7f6bd4021000 rw-p 00000000 00:00 0 
7f6bd4021000-7f6bd8000000 ---p 00000000 00:00 0 
7f6bdc000000-7f6bdc022000 rw-p 00000000 00:00 0 
7f6bdc022000-7f6be0000000 ---p 00000000 00:00 0 
7f6be10b1000-7f6be128b000 rw-p 00000000 00:00 0 
7f6be128b000-7f6be12b1000 ---p 00000000 00:00 0 
7f6be1328000-7f6be1528000 rw-p 00000000 00:00 0 
7f6be1528000-7f6be1728000 rw-p 00000000 00:00 0 
7f6be1728000-7f6be172b000 ---p 00000000 00:00 0 
7f6be172b000-7f6be1a29000 rw-p 00000000 00:00 0 
7f6be1a29000-7f6be1c29000 rw-p 00000000 00:00 0 
7f6be1c29000-7f6be1e29000 rw-p 00000000 00:00 0 
7f6be1e29000-7f6be2029000 rw-p 00000000 00:00 0 
7f6be2029000-7f6be203c000 r--s 00344000 08:11 3019853                    /home/chris/Downloads/android-studio/jre/jre/lib/resources.jar
7f6be203c000-7f6be223c000 rw-p 00000000 00:00 0 
7f6be223c000-7f6be243c000 rw-p 00000000 00:00 0 
7f6be243c000-7f6be263c000 rw-p 00000000 00:00 0 
7f6be263c000-7f6be283c000 rw-p 00000000 00:00 0 
7f6be283c000-7f6be283f000 ---p 00000000 00:00 0 
7f6be283f000-7f6be2b3d000 rw-p 00000000 00:00 0 
7f6be2b3d000-7f6be2b3e000 r--s 00001000 08:11 3408338                    /home/chris/.gradle/caches/jars-2/7c4c8dw4bn3s8grc5kz09cv28jy9yn3/annotations-25.3.0.jar
7f6be2b3e000-7f6be2b46000 r--s 000a8000 08:11 3408336                    /home/chris/.gradle/caches/jars-2/lp0h431tl0554nh1vx6zomcvteflkp/lombok-ast-0.2.3.jar
7f6be2b46000-7f6be2b5a000 r--s 000b4000 08:11 3408334                    /home/chris/.gradle/caches/jars-2/igzbti8te04ygk32hg4q3ljfkkkzmlr/uast-162.2228.14.jar
7f6be2b5a000-7f6be2b5c000 r--s 0000d000 08:11 3408332                    /home/chris/.gradle/caches/jars-2/7pwz1bowgakb1eux9ezb56jlturgsyi/commons-codec-1.4.jar
7f6be2b5c000-7f6be2b5e000 r--s 0000d000 08:11 3408330                    /home/chris/.gradle/caches/jars-2/9dj1m0eyooi5qt13735vz8fpkl3cnfy/commons-logging-1.1.1.jar
7f6be2b5e000-7f6be2b63000 r--s 00028000 08:11 3408328                    /home/chris/.gradle/caches/jars-2/62lv0fe9b3xbqe57f6ljy5upwi7mf6k/httpcore-4.1.jar
7f6be2b63000-7f6be2b67000 r--s 0002f000 08:11 3408326                    /home/chris/.gradle/caches/jars-2/gsg5n52frsvw6sx0swqqe2hwijwdcf0/jimfs-1.1.jar
7f6be2b67000-7f6be2b68000 r--s 00004000 08:11 3408324                    /home/chris/.gradle/caches/jars-2/lxs252id0979odjrerlctkb26c2vj95/annotations-12.0.jar
7f6be2b68000-7f6be2b69000 r--s 00004000 08:11 3408322                    /home/chris/.gradle/caches/jars-2/9kn99dr0rulyl67sct1ephwcop56l61/asm-analysis-5.0.4.jar
7f6be2b69000-7f6be2b6d000 r--s 00040000 08:11 3408320                    /home/chris/.gradle/caches/jars-2/h4gop7cox40tig0ckkhw1h8hl6tfcwm/lint-api-25.3.0.jar
7f6be2b6d000-7f6be2b6e000 r--s 0000a000 08:11 3408318                    /home/chris/.gradle/caches/jars-2/nwyg9io65lv6jvmwit2wq82xnnxd7ia/kxml2-2.3.0.jar
7f6be2b6e000-7f6be2b70000 r--s 00005000 08:11 3408316                    /home/chris/.gradle/caches/jars-2/i6hc1uuj8e9ck59slmzdyz78ydn8sr6/httpmime-4.1.jar
7f6be2b70000-7f6be2b78000 r--s 0004e000 08:11 3408314                    /home/chris/.gradle/caches/jars-2/7503wa5irssz0xxahv1xb82p2dl7rr2/httpclient-4.1.1.jar
7f6be2b78000-7f6be2b7f000 r--s 00053000 08:11 3408312                    /home/chris/.gradle/caches/jars-2/jgkfvs4eqggj7qsyw1f5d3up57hanj1/commons-compress-1.8.1.jar
7f6be2b7f000-7f6be2b84000 r--s 0002a000 08:11 3408310                    /home/chris/.gradle/caches/jars-2/je8f027qcr1z1egw08byp1ybxbp9kko/gson-2.2.4.jar
7f6be2b84000-7f6be2b89000 r--s 0002e000 08:11 3408308                    /home/chris/.gradle/caches/jars-2/r6oa1284jnf1g0hjm5fw7l8swldb7ek/repository-25.3.0.jar
7f6be2b89000-7f6be2b8c000 r--s 00012000 08:11 3408304                    /home/chris/.gradle/caches/jars-2/9uh4197qdwnvuono2myyig8xxy6aqcq/layoutlib-api-25.3.0.jar
7f6be2b8c000-7f6be2b9c000 r--s 000d5000 08:11 3408300                    /home/chris/.gradle/caches/jars-2/qzf32gp9kej4w4hlbabft6tplu74cj3/proguard-base-5.3.2.jar
7f6be2b9c000-7f6be2bb3000 r--s 00154000 08:11 3408294                    /home/chris/.gradle/caches/jars-2/sfeivjswzitn6n0fnjx3ueszz8gv8o1/antlr4-4.5.3.jar
7f6be2bb3000-7f6be2db3000 rw-p 00000000 00:00 0 
7f6be2db3000-7f6be2db6000 ---p 00000000 00:00 0 
7f6be2db6000-7f6be2eb4000 rw-p 00000000 00:00 0 
7f6be2eb4000-7f6be2eb5000 r--s 00005000 08:11 3408306                    /home/chris/.gradle/caches/jars-2/8zf2fyptbgnbanz613fx2c3hoto0539/dvlib-25.3.0.jar
7f6be2eb5000-7f6be2eba000 r--s 00058000 08:11 3408302                    /home/chris/.gradle/caches/jars-2/st159835qgxm0l87oqrnhayxos4lc1n/asm-debug-all-5.0.1.jar
7f6be2eba000-7f6be2ebd000 r--s 00033000 08:11 3408298                    /home/chris/.gradle/caches/jars-2/nz9sndmr8b4xbj4xulkaciy5kdbyfiz/juniversalchardet-1.0.3.jar
7f6be2ebd000-7f6be2ec1000 r--s 0002a000 08:11 3408296                    /home/chris/.gradle/caches/jars-2/krbpn9xjn1qymukyx8cc5l799ty1v3h/commons-io-2.4.jar
7f6be2ec1000-7f6be2ec3000 r--s 00002000 08:11 3408292                    /home/chris/.gradle/caches/jars-2/o6nwvy6at9y5kbpwo6utcclqk98gd99/baseLibrary-2.3.0.jar
7f6be2ec3000-7f6be2eee000 r--s 001fc000 08:11 3408290                    /home/chris/.gradle/caches/jars-2/nxjrjftly2xksl8o0wqgivu5netfu2x/guava-18.0.jar
7f6be2eee000-7f6be2f01000 r--s 00241000 08:11 3408288                    /home/chris/.gradle/caches/jars-2/9yuekvg4qerfitq3xec0iyckuw3hwaq/ecj-4.6.1.jar
7f6be2f01000-7f6be2f08000 r--s 000d9000 08:11 3408286                    /home/chris/.gradle/caches/jars-2/aprntsq9xd6l685y4wf1lo3ojhypibs/lint-checks-25.3.0.jar
7f6be2f08000-7f6be2f0a000 r--s 00006000 08:11 3408284                    /home/chris/.gradle/caches/jars-2/6phgj9ki3jl3p5epzkqoo8pr6kur40b/asm-tree-5.0.4.jar
7f6be2f0a000-7f6be2f3d000 r--s 00203000 08:11 3408282                    /home/chris/.gradle/caches/jars-2/hj0bfvxu9cq7hkwmecvp0kg137or3hh/bcprov-jdk15on-1.48.jar
7f6be2f3d000-7f6be2f4b000 r--s 00081000 08:11 3408280                    /home/chris/.gradle/caches/jars-2/4r7xli0tz94y0wfjrdyjxlxar3g1pb9/bcpkix-jdk15on-1.48.jar
7f6be2f4b000-7f6be2f4d000 r--s 00002000 08:11 3408278                    /home/chris/.gradle/caches/jars-2/f32bh5uivuf69ecz2j8hl96ksnqdh7v/javawriter-2.5.0.jar
7f6be2f4d000-7f6be2f4f000 r--s 00004000 08:11 3408276                    /home/chris/.gradle/caches/jars-2/ks5d1mxwh7e42p192ttu3gpechro7qa/tracker-25.3.0.jar
7f6be2f4f000-7f6be2f50000 r--s 00005000 08:11 3408274                    /home/chris/.gradle/caches/jars-2/fl4kf4ptr1zzfqcvmz0t9nip0r2xra6/shared-25.3.0.jar
7f6be2f50000-7f6be2f5e000 r--s 00147000 08:11 3408272                    /home/chris/.gradle/caches/jars-2/kzywuljggjlwzg0mn5daqjrl9hrds10/protos-25.3.0.jar
7f6be2f5e000-7f6be2f5f000 r--s 00001000 08:11 3408270                    /home/chris/.gradle/caches/jars-2/9wceqt3rojnwacgoouxh9g9dkoot2zu/jill-api-0.10.0.jar
7f6be2f5f000-7f6be2f61000 r--s 00003000 08:11 3408268                    /home/chris/.gradle/caches/jars-2/hgjtw817h9ckqrqd7wts8rss79wyf2p/jack-api-0.13.0.jar
7f6be2f61000-7f6be2f67000 r--s 0004a000 08:11 3408266                    /home/chris/.gradle/caches/jars-2/qdr9c88xakd7sne0hmledt9h4qds2q2/ddmlib-25.3.0.jar
7f6be2f67000-7f6be2f6a000 r--s 00022000 08:11 3408264                    /home/chris/.gradle/caches/jars-2/fsss09xku4j8m0mtb0gif22hmmgqs7i/manifest-merger-25.3.0.jar
7f6be2f6a000-7f6be2f73000 r--s 00089000 08:11 3408260                    /home/chris/.gradle/caches/jars-2/965j22khmkpwdgya5fll5pxt21kiz0y/sdk-common-25.3.0.jar
7f6be2f73000-7f6be2f7d000 r--s 00097000 08:11 3408258                    /home/chris/.gradle/caches/jars-2/2t3glk7v5svadzqcbhq0avch2qk6a9k/sdklib-25.3.0.jar
7f6be2f7d000-7f6be317d000 rw-p 00000000 00:00 0 
7f6be317d000-7f6be337d000 rw-p 00000000 00:00 0 
7f6be337d000-7f6be3380000 r--s 0001c000 08:11 3408262                    /home/chris/.gradle/caches/jars-2/s9s98vc2jrc4cq452s7phwb2ad5xfkn/common-25.3.0.jar
7f6be3380000-7f6be3381000 r--s 00002000 08:11 3408256                    /home/chris/.gradle/caches/jars-2/q53lj97mtvuhn56k5k0vmpi70ln1194/builder-test-api-2.3.0.jar
7f6be3381000-7f6be3384000 r--s 00006000 08:11 3408254                    /home/chris/.gradle/caches/jars-2/217rxmwsloonj42ilq94g16c8qou0uv/builder-model-2.3.0.jar
7f6be3384000-7f6be3393000 r--s 00130000 08:11 3408252                    /home/chris/.gradle/caches/jars-2/cr6zkqpx14lor9zdtmo49qpc7y8r8p4/protobuf-java-3.0.0.jar
7f6be3393000-7f6be3395000 r--s 0000f000 08:11 3408250                    /home/chris/.gradle/caches/jars-2/rvfyugrlu5tbpz51p98og0qsxamjq4k/jopt-simple-4.9.jar
7f6be3395000-7f6be3399000 r--s 0001f000 08:11 3408248                    /home/chris/.gradle/caches/jars-2/nq3fzqkrrm37ob61z4iu5qdbh368uat/org.jacoco.report-0.7.5.201505241946.jar
7f6be3399000-7f6be339d000 r--s 0001d000 08:11 3408246                    /home/chris/.gradle/caches/jars-2/3kxkmcckmk40ron92zhbm0qjo9l4bkl/org.jacoco.core-0.7.5.201505241946.jar
7f6be339d000-7f6be339f000 r--s 00002000 08:11 3408244                    /home/chris/.gradle/caches/jars-2/m4m0pzb4gmaeh0in5g2xc4bxeuwt828/proguard-gradle-5.3.2.jar
7f6be339f000-7f6be33a1000 r--s 00009000 08:11 3408242                    /home/chris/.gradle/caches/jars-2/ajvcvdu66lc9e3tvvipxtuq48i9bbkc/asm-commons-5.0.4.jar
7f6be33a1000-7f6be33a3000 r--s 0000c000 08:11 3408240                    /home/chris/.gradle/caches/jars-2/1laz1ygmxoc408r7nwqs1q8uk8r236d/asm-5.0.4.jar
7f6be33a3000-7f6be33a8000 r--s 0002c000 08:11 3408238                    /home/chris/.gradle/caches/jars-2/3eyaheco65g859qpfsowjbpqi0jh6mf/compilerCommon-2.3.0.jar
7f6be33a8000-7f6be33ad000 r--s 0005e000 08:11 3408232                    /home/chris/.gradle/caches/jars-2/ni16dxztl73a86d25hs3on5ncngkbuy/lint-25.3.0.jar
7f6be33ad000-7f6be33c3000 r--s 00163000 08:11 3408230                    /home/chris/.gradle/caches/jars-2/sqf8kc3htrab4fj479mwr3jrji381b7/builder-2.3.0.jar
7f6be33c3000-7f6be33c6000 ---p 00000000 00:00 0 
7f6be33c6000-7f6be35fc000 rw-p 00000000 00:00 0 
7f6be35fc000-7f6be37fc000 rw-p 00000000 00:00 0 
7f6be37fc000-7f6be39fc000 rw-p 00000000 00:00 0 
7f6be39fc000-7f6be3bfc000 rw-p 00000000 00:00 0 
7f6be3bfc000-7f6be3bff000 ---p 00000000 00:00 0 
7f6be3bff000-7f6be3cfd000 rw-p 00000000 00:00 0 
7f6be3cfd000-7f6be3d00000 ---p 00000000 00:00 0 
7f6be3d00000-7f6be3dfe000 rw-p 00000000 00:00 0 
7f6be3dfe000-7f6be3e01000 ---p 00000000 00:00 0 
7f6be3e01000-7f6be3eff000 rw-p 00000000 00:00 0 
7f6be3eff000-7f6be3f02000 ---p 00000000 00:00 0 
7f6be3f02000-7f6be4000000 rw-p 00000000 00:00 0 
7f6be4000000-7f6be4021000 rw-p 00000000 00:00 0 
7f6be4021000-7f6be8000000 ---p 00000000 00:00 0 
7f6be8000000-7f6be8001000 r--s 00002000 08:11 3408236                    /home/chris/.gradle/caches/jars-2/31jr90v5p5fkd2jflx4pvapkdf35ezu/gradle-api-2.3.0.jar
7f6be8001000-7f6be8002000 r--s 00000000 08:11 3408234                    /home/chris/.gradle/caches/jars-2/9alwd0ip1x6at9csjhyhihqra39rks9/transform-api-2.0.0-deprecated-use-gradle-api.jar
7f6be8002000-7f6be8020000 r--s 001cb000 08:11 3408228                    /home/chris/.gradle/caches/jars-2/8qy5a7i3gbr2s4snxdquaath1tjusie/gradle-core-2.3.0.jar
7f6be8020000-7f6be8021000 r--s 00006000 08:11 6291482                    /home/chris/.gradle/caches/modules-2/files-2.1/com.google.gms/google-services/3.0.0/ee538ce9cf4148485e43017c5542202b8c78ff8e/google-services-3.0.0.jar
7f6be8021000-7f6be8023000 r--s 0000d000 08:11 3408226                    /home/chris/.gradle/caches/jars-2/60bmiis45kdytxtzt10fi483750k8at/gradle-2.3.0.jar
7f6be8023000-7f6be8024000 r--p 00000000 00:00 0 
7f6be8024000-7f6be809d000 r--s 010ed000 08:11 3019757                    /home/chris/Downloads/android-studio/jre/lib/tools.jar
7f6be809d000-7f6be809e000 r--p 00000000 08:11 5138852                    /usr/share/locale-langpack/en_GB/LC_MESSAGES/libc.mo
7f6be809e000-7f6be80a1000 ---p 00000000 00:00 0 
7f6be80a1000-7f6be839f000 rw-p 00000000 00:00 0 
7f6be839f000-7f6be83a2000 ---p 00000000 00:00 0 
7f6be83a2000-7f6be84a0000 rw-p 00000000 00:00 0 
7f6be84a0000-7f6be84a3000 ---p 00000000 00:00 0 
7f6be84a3000-7f6be85a1000 rw-p 00000000 00:00 0 
7f6be85a1000-7f6be85a8000 r--s 00000000 08:11 4344562                    /usr/lib/x86_64-linux-gnu/gconv/gconv-modules.cache
7f6be85a8000-7f6be87a8000 rw-p 00000000 00:00 0 
7f6be87a8000-7f6be87ab000 ---p 00000000 00:00 0 
7f6be87ab000-7f6be88a9000 rw-p 00000000 00:00 0 
7f6be88a9000-7f6be88b2000 r-xp 00000000 08:11 3019843                    /home/chris/Downloads/android-studio/jre/jre/lib/amd64/libmanagement.so
7f6be88b2000-7f6be8ab1000 ---p 00009000 08:11 3019843                    /home/chris/Downloads/android-studio/jre/jre/lib/amd64/libmanagement.so
7f6be8ab1000-7f6be8ab2000 r--p 00008000 08:11 3019843                    /home/chris/Downloads/android-studio/jre/jre/lib/amd64/libmanagement.so
7f6be8ab2000-7f6be8ab3000 rw-p 00009000 08:11 3019843                    /home/chris/Downloads/android-studio/jre/jre/lib/amd64/libmanagement.so
7f6be8ab3000-7f6be8ab8000 r--s 00098000 08:11 3019804                    /home/chris/Downloads/android-studio/jre/jre/lib/jsse.jar
7f6be8ab8000-7f6be8aba000 r--s 00007000 08:11 2885977                    /home/chris/.gradle/wrapper/dists/gradle-3.3-all/55gk2rcmfc6p2dg9u9ohc3hw9/gradle-3.3/lib/plugins/gradle-tooling-api-builders-3.3.jar
7f6be8aba000-7f6be8abd000 r--s 00009000 08:11 2885970                    /home/chris/.gradle/wrapper/dists/gradle-3.3-all/55gk2rcmfc6p2dg9u9ohc3hw9/gradle-3.3/lib/plugins/gradle-testing-native-3.3.jar
7f6be8abd000-7f6be8ac3000 r--s 00033000 08:11 2886127                    /home/chris/.gradle/wrapper/dists/gradle-3.3-all/55gk2rcmfc6p2dg9u9ohc3hw9/gradle-3.3/lib/plugins/snakeyaml-1.6.jar
7f6be8ac3000-7f6be8ac5000 r--s 00006000 08:11 2886125                    /home/chris/.gradle/wrapper/dists/gradle-3.3-all/55gk2rcmfc6p2dg9u9ohc3hw9/gradle-3.3/lib/plugins/jcommander-1.12.jar
7f6be8ac5000-7f6be8aca000 r--s 00040000 08:11 2886124                    /home/chris/.gradle/wrapper/dists/gradle-3.3-all/55gk2rcmfc6p2dg9u9ohc3hw9/gradle-3.3/lib/plugins/bsh-2.0b4.jar
7f6be8aca000-7f6be8acc000 r--s 00009000 08:11 2886134                    /home/chris/.gradle/wrapper/dists/gradle-3.3-all/55gk2rcmfc6p2dg9u9ohc3hw9/gradle-3.3/lib/plugins/hamcrest-core-1.3.jar
7f6be8acc000-7f6be8ad5000 r--s 00089000 08:11 2886002                    /home/chris/.gradle/wrapper/dists/gradle-3.3-all/55gk2rcmfc6p2dg9u9ohc3hw9/gradle-3.3/lib/plugins/testng-6.3.1.jar
7f6be8ad5000-7f6be8add000 r--s 00045000 08:11 2886001                    /home/chris/.gradle/wrapper/dists/gradle-3.3-all/55gk2rcmfc6p2dg9u9ohc3hw9/gradle-3.3/lib/plugins/junit-4.12.jar
7f6be8add000-7f6be8ae3000 r--s 0002e000 08:11 2885971                    /home/chris/.gradle/wrapper/dists/gradle-3.3-all/55gk2rcmfc6p2dg9u9ohc3hw9/gradle-3.3/lib/plugins/gradle-testing-jvm-3.3.jar
7f6be8ae3000-7f6be8ae7000 r--s 00016000 08:11 2885969                    /home/chris/.gradle/wrapper/dists/gradle-3.3-all/55gk2rcmfc6p2dg9u9ohc3hw9/gradle-3.3/lib/plugins/gradle-testing-base-3.3.jar
7f6be8ae7000-7f6be8aee000 r--s 00038000 08:11 2885996                    /home/chris/.gradle/wrapper/dists/gradle-3.3-all/55gk2rcmfc6p2dg9u9ohc3hw9/gradle-3.3/lib/plugins/bcpg-jdk15on-1.51.jar
7f6be8aee000-7f6be8af0000 r--s 0000c000 08:11 2885948                    /home/chris/.gradle/wrapper/dists/gradle-3.3-all/55gk2rcmfc6p2dg9u9ohc3hw9/gradle-3.3/lib/plugins/gradle-signing-3.3.jar
7f6be8af0000-7f6be8af2000 r--s 00007000 08:11 2885947                    /home/chris/.gradle/wrapper/dists/gradle-3.3-all/55gk2rcmfc6p2dg9u9ohc3hw9/gradle-3.3/lib/plugins/gradle-scala-3.3.jar
7f6be8af2000-7f6be8af3000 r--s 00004000 08:11 2885975                    /home/chris/.gradle/wrapper/dists/gradle-3.3-all/55gk2rcmfc6p2dg9u9ohc3hw9/gradle-3.3/lib/plugins/gradle-resources-sftp-3.3.jar
7f6be8af3000-7f6be8b03000 r--s 00088000 08:11 2886012                    /home/chris/.gradle/wrapper/dists/gradle-3.3-all/55gk2rcmfc6p2dg9u9ohc3hw9/gradle-3.3/lib/plugins/joda-time-2.8.2.jar
7f6be8b03000-7f6be8b14000 r--s 0010d000 08:11 2886011                    /home/chris/.gradle/wrapper/dists/gradle-3.3-all/55gk2rcmfc6p2dg9u9ohc3hw9/gradle-3.3/lib/plugins/jackson-databind-2.6.6.jar
7f6be8b14000-7f6be8b17000 r--s 00009000 08:11 2886010                    /home/chris/.gradle/wrapper/dists/gradle-3.3-all/55gk2rcmfc6p2dg9u9ohc3hw9/gradle-3.3/lib/plugins/jackson-annotations-2.6.6.jar
7f6be8b17000-7f6be8b1b000 r--s 0003c000 08:11 2886009                    /home/chris/.gradle/wrapper/dists/gradle-3.3-all/55gk2rcmfc6p2dg9u9ohc3hw9/gradle-3.3/lib/plugins/jackson-core-2.6.6.jar
7f6be8b1b000-7f6be8b29000 r--s 00087000 08:11 2886008                    /home/chris/.gradle/wrapper/dists/gradle-3.3-all/55gk2rcmfc6p2dg9u9ohc3hw9/gradle-3.3/lib/plugins/aws-java-sdk-core-1.11.6.jar
7f6be8b29000-7f6be8b30000 r--s 00057000 08:11 2886007                    /home/chris/.gradle/wrapper/dists/gradle-3.3-all/55gk2rcmfc6p2dg9u9ohc3hw9/gradle-3.3/lib/plugins/aws-java-sdk-kms-1.11.6.jar
7f6be8b30000-7f6be8b3d000 r--s 0008e000 08:11 2886006                    /home/chris/.gradle/wrapper/dists/gradle-3.3-all/55gk2rcmfc6p2dg9u9ohc3hw9/gradle-3.3/lib/plugins/aws-java-sdk-s3-1.11.6.jar
7f6be8b3d000-7f6be8b3f000 r--s 00004000 08:11 2885976                    /home/chris/.gradle/wrapper/dists/gradle-3.3-all/55gk2rcmfc6p2dg9u9ohc3hw9/gradle-3.3/lib/plugins/gradle-resources-s3-3.3.jar
7f6be8b3f000-7f6be8b41000 r--s 00005000 08:11 2886000                    /home/chris/.gradle/wrapper/dists/gradle-3.3-all/55gk2rcmfc6p2dg9u9ohc3hw9/gradle-3.3/lib/plugins/jatl-0.2.2.jar
7f6be8b41000-7f6be8b43000 r--s 0000f000 08:11 2885953                    /home/chris/.gradle/wrapper/dists/gradle-3.3-all/55gk2rcmfc6p2dg9u9ohc3hw9/gradle-3.3/lib/plugins/gradle-reporting-3.3.jar
7f6be8b43000-7f6be8b45000 r--s 00002000 08:11 2885954                    /home/chris/.gradle/wrapper/dists/gradle-3.3-all/55gk2rcmfc6p2dg9u9ohc3hw9/gradle-3.3/lib/plugins/gradle-publish-3.3.jar
7f6be8b45000-7f6be8b47000 r--s 00009000 08:11 2885983                    /home/chris/.gradle/wrapper/dists/gradle-3.3-all/55gk2rcmfc6p2dg9u9ohc3hw9/gradle-3.3/lib/plugins/commons-cli-1.2.jar
7f6be8b47000-7f6be8b4d000 r--s 00031000 08:11 2885939                    /home/chris/.gradle/wrapper/dists/gradle-3.3-all/55gk2rcmfc6p2dg9u9ohc3hw9/gradle-3.3/lib/plugins/gradle-plugins-3.3.jar
7f6be8b4d000-7f6be8b4f000 r--s 00009000 08:11 2885972                    /home/chris/.gradle/wrapper/dists/gradle-3.3-all/55gk2rcmfc6p2dg9u9ohc3hw9/gradle-3.3/lib/plugins/gradle-plugin-development-3.3.jar
7f6be8b4f000-7f6be8b55000 r--s 0002b000 08:11 2885965                    /home/chris/.gradle/wrapper/dists/gradle-3.3-all/55gk2rcmfc6p2dg9u9ohc3hw9/gradle-3.3/lib/plugins/gradle-platform-play-3.3.jar
7f6be8b55000-7f6be8b63000 r--s 00055000 08:11 2885964                    /home/chris/.gradle/wrapper/dists/gradle-3.3-all/55gk2rcmfc6p2dg9u9ohc3hw9/gradle-3.3/lib/plugins/gradle-platform-native-3.3.jar
7f6be8b63000-7f6be8b68000 r--s 0001f000 08:11 2885959                    /home/chris/.gradle/wrapper/dists/gradle-3.3-all/55gk2rcmfc6p2dg9u9ohc3hw9/gradle-3.3/lib/plugins/gradle-platform-jvm-3.3.jar
7f6be8b68000-7f6be8b70000 r--s 00027000 08:11 2885958                    /home/chris/.gradle/wrapper/dists/gradle-3.3-all/55gk2rcmfc6p2dg9u9ohc3hw9/gradle-3.3/lib/plugins/gradle-platform-base-3.3.jar
7f6be8b70000-7f6be8b98000 r--s 0021c000 08:11 2885991                    /home/chris/.gradle/wrapper/dists/gradle-3.3-all/55gk2rcmfc6p2dg9u9ohc3hw9/gradle-3.3/lib/plugins/biz.aQute.bndlib-3.2.0.jar
7f6be8b98000-7f6be8b9a000 r--s 00003000 08:11 2885943                    /home/chris/.gradle/wrapper/dists/gradle-3.3-all/55gk2rcmfc6p2dg9u9ohc3hw9/gradle-3.3/lib/plugins/gradle-osgi-3.3.jar
7f6be8b9a000-7f6be8b9d000 r--s 0000c000 08:11 2885994                    /home/chris/.gradle/wrapper/dists/gradle-3.3-all/55gk2rcmfc6p2dg9u9ohc3hw9/gradle-3.3/lib/plugins/pmaven-groovy-0.8-20100325.jar
7f6be8b9d000-7f6be8b9e000 r--s 00004000 08:11 2885993                    /home/chris/.gradle/wrapper/dists/gradle-3.3-all/55gk2rcmfc6p2dg9u9ohc3hw9/gradle-3.3/lib/plugins/pmaven-common-0.8-20100325.jar
7f6be8b9e000-7f6be8ba4000 r--s 00023000 08:11 2885944                    /home/chris/.gradle/wrapper/dists/gradle-3.3-all/55gk2rcmfc6p2dg9u9ohc3hw9/gradle-3.3/lib/plugins/gradle-maven-3.3.jar
7f6be8ba4000-7f6be8ba7000 r--s 0000b000 08:11 2885963                    /home/chris/.gradle/wrapper/dists/gradle-3.3-all/55gk2rcmfc6p2dg9u9ohc3hw9/gradle-3.3/lib/plugins/gradle-language-scala-3.3.jar
7f6be8ba7000-7f6be8bad000 r--s 0001a000 08:11 2885967                    /home/chris/.gradle/wrapper/dists/gradle-3.3-all/55gk2rcmfc6p2dg9u9ohc3hw9/gradle-3.3/lib/plugins/gradle-language-native-3.3.jar
7f6be8bad000-7f6be8bb0000 r--s 00005000 08:11 2885960                    /home/chris/.gradle/wrapper/dists/gradle-3.3-all/55gk2rcmfc6p2dg9u9ohc3hw9/gradle-3.3/lib/plugins/gradle-language-jvm-3.3.jar
7f6be8bb0000-7f6be8bb6000 r--s 00027000 08:11 2885961                    /home/chris/.gradle/wrapper/dists/gradle-3.3-all/55gk2rcmfc6p2dg9u9ohc3hw9/gradle-3.3/lib/plugins/gradle-language-java-3.3.jar
7f6be8bb6000-7f6be8bb8000 r--s 0000a000 08:11 2885962                    /home/chris/.gradle/wrapper/dists/gradle-3.3-all/55gk2rcmfc6p2dg9u9ohc3hw9/gradle-3.3/lib/plugins/gradle-language-groovy-3.3.jar
7f6be8bb8000-7f6be8bbb000 r--s 0001e000 08:11 2886018                    /home/chris/.gradle/wrapper/dists/gradle-3.3-all/55gk2rcmfc6p2dg9u9ohc3hw9/gradle-3.3/lib/plugins/jsp-api-2.1-6.1.14.jar
7f6be8bbb000-7f6be8bde000 r--s 00344000 08:11 2886017                    /home/chris/.gradle/wrapper/dists/gradle-3.3-all/55gk2rcmfc6p2dg9u9ohc3hw9/gradle-3.3/lib/plugins/core-3.1.1.jar
7f6be8bde000-7f6be8bdf000 r--s 00006000 08:11 2886016                    /home/chris/.gradle/wrapper/dists/gradle-3.3-all/55gk2rcmfc6p2dg9u9ohc3hw9/gradle-3.3/lib/plugins/jetty-naming-6.1.26.jar
7f6be8bdf000-7f6be8be0000 r--s 00002000 08:11 2885990                    /home/chris/.gradle/wrapper/dists/gradle-3.3-all/55gk2rcmfc6p2dg9u9ohc3hw9/gradle-3.3/lib/plugins/geronimo-annotation_1.0_spec-1.0.jar
7f6be8be0000-7f6be8be2000 r--s 00002000 08:11 2885989                    /home/chris/.gradle/wrapper/dists/gradle-3.3-all/55gk2rcmfc6p2dg9u9ohc3hw9/gradle-3.3/lib/plugins/jetty-annotations-6.1.26.jar
7f6be8be2000-7f6be8bf3000 r--s 000ea000 08:11 2885988                    /home/chris/.gradle/wrapper/dists/gradle-3.3-all/55gk2rcmfc6p2dg9u9ohc3hw9/gradle-3.3/lib/plugins/jsp-2.1-6.1.14.jar
7f6be8bf3000-7f6be8bf5000 r--s 0000d000 08:11 2885987                    /home/chris/.gradle/wrapper/dists/gradle-3.3-all/55gk2rcmfc6p2dg9u9ohc3hw9/gradle-3.3/lib/plugins/jetty-plus-6.1.26.jar
7f6be8bf5000-7f6be8bf7000 r--s 0001f000 08:11 2885986                    /home/chris/.gradle/wrapper/dists/gradle-3.3-all/55gk2rcmfc6p2dg9u9ohc3hw9/gradle-3.3/lib/plugins/servlet-api-2.5-20081211.jar
7f6be8bf7000-7f6be8bfb000 r--s 00028000 08:11 2885985                    /home/chris/.gradle/wrapper/dists/gradle-3.3-all/55gk2rcmfc6p2dg9u9ohc3hw9/gradle-3.3/lib/plugins/jetty-util-6.1.26.jar
7f6be8bfb000-7f6be8c02000 r--s 0007d000 08:11 2885984                    /home/chris/.gradle/wrapper/dists/gradle-3.3-all/55gk2rcmfc6p2dg9u9ohc3hw9/gradle-3.3/lib/plugins/jetty-6.1.26.jar
7f6be8c02000-7f6be8c04000 r--s 0000a000 08:11 2885941                    /home/chris/.gradle/wrapper/dists/gradle-3.3-all/55gk2rcmfc6p2dg9u9ohc3hw9/gradle-3.3/lib/plugins/gradle-jetty-3.3.jar
7f6be8c04000-7f6be8c0b000 r--s 00035000 08:11 2885999                    /home/chris/.gradle/wrapper/dists/gradle-3.3-all/55gk2rcmfc6p2dg9u9ohc3hw9/gradle-3.3/lib/plugins/simple-4.1.21.jar
7f6be8c0b000-7f6be8c17000 r--s 00100000 08:11 2885997                    /home/chris/.gradle/wrapper/dists/gradle-3.3-all/55gk2rcmfc6p2dg9u9ohc3hw9/gradle-3.3/lib/plugins/rhino-1.7R3.jar
7f6be8c17000-7f6be8c1b000 r--s 00012000 08:11 2885950                    /home/chris/.gradle/wrapper/dists/gradle-3.3-all/55gk2rcmfc6p2dg9u9ohc3hw9/gradle-3.3/lib/plugins/gradle-javascript-3.3.jar
7f6be8c1b000-7f6be8c1d000 r--s 0000d000 08:11 2885956                    /home/chris/.gradle/wrapper/dists/gradle-3.3-all/55gk2rcmfc6p2dg9u9ohc3hw9/gradle-3.3/lib/plugins/gradle-jacoco-3.3.jar
7f6be8c1d000-7f6be8c20000 r--s 0000e000 08:11 2885955                    /home/chris/.gradle/wrapper/dists/gradle-3.3-all/55gk2rcmfc6p2dg9u9ohc3hw9/gradle-3.3/lib/plugins/gradle-ivy-3.3.jar
7f6be8c20000-7f6be8c21000 r--s 00002000 08:11 2885966                    /home/chris/.gradle/wrapper/dists/gradle-3.3-all/55gk2rcmfc6p2dg9u9ohc3hw9/gradle-3.3/lib/plugins/gradle-ide-play-3.3.jar
7f6be8c21000-7f6be8c24000 r--s 00013000 08:11 2885968                    /home/chris/.gradle/wrapper/dists/gradle-3.3-all/55gk2rcmfc6p2dg9u9ohc3hw9/gradle-3.3/lib/plugins/gradle-ide-native-3.3.jar
7f6be8c24000-7f6be8c2d000 r--s 00055000 08:11 2885945                    /home/chris/.gradle/wrapper/dists/gradle-3.3-all/55gk2rcmfc6p2dg9u9ohc3hw9/gradle-3.3/lib/plugins/gradle-ide-3.3.jar
7f6be8c2d000-7f6be8c2f000 r--s 00007000 08:11 2885949                    /home/chris/.gradle/wrapper/dists/gradle-3.3-all/55gk2rcmfc6p2dg9u9ohc3hw9/gradle-3.3/lib/plugins/gradle-ear-3.3.jar
7f6be8c2f000-7f6be8c35000 r--s 00039000 08:11 2885952                    /home/chris/.gradle/wrapper/dists/gradle-3.3-all/55gk2rcmfc6p2dg9u9ohc3hw9/gradle-3.3/lib/plugins/gradle-diagnostics-3.3.jar
7f6be8c35000-7f6be8c36000 r--s 00009000 08:11 2885978                    /home/chris/.gradle/wrapper/dists/gradle-3.3-all/55gk2rcmfc6p2dg9u9ohc3hw9/gradle-3.3/lib/plugins/gradle-composite-builds-3.3.jar
7f6be8c36000-7f6be8c3a000 r--s 00023000 08:11 2885940                    /home/chris/.gradle/wrapper/dists/gradle-3.3-all/55gk2rcmfc6p2dg9u9ohc3hw9/gradle-3.3/lib/plugins/gradle-code-quality-3.3.jar
7f6be8c3a000-7f6be8c3e000 r--s 00022000 08:11 2885957                    /home/chris/.gradle/wrapper/dists/gradle-3.3-all/55gk2rcmfc6p2dg9u9ohc3hw9/gradle-3.3/lib/plugins/gradle-build-init-3.3.jar
7f6be8c3e000-7f6be8c44000 r--s 0008e000 08:11 2885951                    /home/chris/.gradle/wrapper/dists/gradle-3.3-all/55gk2rcmfc6p2dg9u9ohc3hw9/gradle-3.3/lib/plugins/gradle-build-comparison-3.3.jar
7f6be8c44000-7f6be8c45000 r--s 00001000 08:11 2885979                    /home/chris/.gradle/wrapper/dists/gradle-3.3-all/55gk2rcmfc6p2dg9u9ohc3hw9/gradle-3.3/lib/plugins/gradle-build-cache-http-3.3.jar
7f6be8c45000-7f6be8c47000 r--s 00008000 08:11 2885942                    /home/chris/.gradle/wrapper/dists/gradle-3.3-all/55gk2rcmfc6p2dg9u9ohc3hw9/gradle-3.3/lib/plugins/gradle-antlr-3.3.jar
7f6be8c47000-7f6be8c49000 r--s 00004000 08:11 2885946                    /home/chris/.gradle/wrapper/dists/gradle-3.3-all/55gk2rcmfc6p2dg9u9ohc3hw9/gradle-3.3/lib/plugins/gradle-announce-3.3.jar
7f6be8c49000-7f6be8c61000 r--s 00115000 08:11 2886131                    /home/chris/.gradle/wrapper/dists/gradle-3.3-all/55gk2rcmfc6p2dg9u9ohc3hw9/gradle-3.3/lib/plugins/xercesImpl-2.9.1.jar
7f6be8c61000-7f6be8c69000 r--s 00028000 08:11 2886132                    /home/chris/.gradle/wrapper/dists/gradle-3.3-all/55gk2rcmfc6p2dg9u9ohc3hw9/gradle-3.3/lib/plugins/xml-apis-1.3.04.jar
7f6be8c69000-7f6be8c6f000 r--s 0005b000 08:11 2886130                    /home/chris/.gradle/wrapper/dists/gradle-3.3-all/55gk2rcmfc6p2dg9u9ohc3hw9/gradle-3.3/lib/plugins/jcifs-1.3.17.jar
7f6be8c6f000-7f6be8c75000 r--s 00033000 08:11 2885995                    /home/chris/.gradle/wrapper/dists/gradle-3.3-all/55gk2rcmfc6p2dg9u9ohc3hw9/gradle-3.3/lib/plugins/commons-codec-1.6.jar
7f6be8c75000-7f6be8c7c000 r--s 00049000 08:11 2886129                    /home/chris/.gradle/wrapper/dists/gradle-3.3-all/55gk2rcmfc6p2dg9u9ohc3hw9/gradle-3.3/lib/plugins/httpcore-4.4.4.jar
7f6be8c7c000-7f6be8c7f000 r--s 0001c000 08:11 2886004                    /home/chris/.gradle/wrapper/dists/gradle-3.3-all/55gk2rcmfc6p2dg9u9ohc3hw9/gradle-3.3/lib/plugins/nekohtml-1.9.14.jar
7f6be8c7f000-7f6be8c8c000 r--s 000a4000 08:11 2886003                    /home/chris/.gradle/wrapper/dists/gradle-3.3-all/55gk2rcmfc6p2dg9u9ohc3hw9/gradle-3.3/lib/plugins/httpclient-4.4.1.jar
7f6be8c8c000-7f6be8c8f000 r--s 0000a000 08:11 2885974                    /home/chris/.gradle/wrapper/dists/gradle-3.3-all/55gk2rcmfc6p2dg9u9ohc3hw9/gradle-3.3/lib/plugins/gradle-resources-http-3.3.jar
7f6be8c8f000-7f6be8c93000 r--s 00015000 08:11 2885973                    /home/chris/.gradle/wrapper/dists/gradle-3.3-all/55gk2rcmfc6p2dg9u9ohc3hw9/gradle-3.3/lib/plugins/gradle-plugin-use-3.3.jar
7f6be8c93000-7f6be8c94000 r--s 00000000 08:11 2884360                    /home/chris/.gradle/wrapper/dists/gradle-3.3-all/55gk2rcmfc6p2dg9u9ohc3hw9/gradle-3.3/lib/gradle-installation-beacon-3.3.jar
7f6be8c94000-7f6be8c96000 r--s 00006000 08:11 2886123                    /home/chris/.gradle/wrapper/dists/gradle-3.3-all/55gk2rcmfc6p2dg9u9ohc3hw9/gradle-3.3/lib/plugins/aether-connector-wagon-1.13.1.jar
7f6be8c96000-7f6be8c9a000 r--s 0001c000 08:11 2886122                    /home/chris/.gradle/wrapper/dists/gradle-3.3-all/55gk2rcmfc6p2dg9u9ohc3hw9/gradle-3.3/lib/plugins/aether-util-1.13.1.jar
7f6be8c9a000-7f6be8c9b000 r--s 00003000 08:11 2886121                    /home/chris/.gradle/wrapper/dists/gradle-3.3-all/55gk2rcmfc6p2dg9u9ohc3hw9/gradle-3.3/lib/plugins/aether-spi-1.13.1.jar
7f6be8c9b000-7f6be8c9e000 r--s 0001d000 08:11 2886120                    /home/chris/.gradle/wrapper/dists/gradle-3.3-all/55gk2rcmfc6p2dg9u9ohc3hw9/gradle-3.3/lib/plugins/aether-impl-1.13.1.jar
7f6be8c9e000-7f6be8ca1000 r--s 00013000 08:11 2886119                    /home/chris/.gradle/wrapper/dists/gradle-3.3-all/55gk2rcmfc6p2dg9u9ohc3hw9/gradle-3.3/lib/plugins/aether-api-1.13.1.jar
7f6be8ca1000-7f6be8ca2000 r--s 00007000 08:11 2886118                    /home/chris/.gradle/wrapper/dists/gradle-3.3-all/55gk2rcmfc6p2dg9u9ohc3hw9/gradle-3.3/lib/plugins/wagon-http-shared4-2.4.jar
7f6be8ca2000-7f6be8ca4000 r--s 0000b000 08:11 2886116                    /home/chris/.gradle/wrapper/dists/gradle-3.3-all/55gk2rcmfc6p2dg9u9ohc3hw9/gradle-3.3/lib/plugins/wagon-provider-api-2.4.jar
7f6be8ca4000-7f6be8ca5000 r--s 00002000 08:11 2886115                    /home/chris/.gradle/wrapper/dists/gradle-3.3-all/55gk2rcmfc6p2dg9u9ohc3hw9/gradle-3.3/lib/plugins/wagon-http-2.4.jar
7f6be8ca5000-7f6be8ca6000 r--s 00002000 08:11 2886111                    /home/chris/.gradle/wrapper/dists/gradle-3.3-all/55gk2rcmfc6p2dg9u9ohc3hw9/gradle-3.3/lib/plugins/wagon-file-2.4.jar
7f6be8ca6000-7f6be8ca8000 r--s 0000c000 08:11 2886110                    /home/chris/.gradle/wrapper/dists/gradle-3.3-all/55gk2rcmfc6p2dg9u9ohc3hw9/gradle-3.3/lib/plugins/maven-aether-provider-3.0.4.jar
7f6be8ca8000-7f6be8caa000 r--s 0000b000 08:11 2886109                    /home/chris/.gradle/wrapper/dists/gradle-3.3-all/55gk2rcmfc6p2dg9u9ohc3hw9/gradle-3.3/lib/plugins/maven-plugin-api-3.0.4.jar
7f6be8caa000-7f6be8cac000 r--s 00006000 08:11 2886108                    /home/chris/.gradle/wrapper/dists/gradle-3.3-all/55gk2rcmfc6p2dg9u9ohc3hw9/gradle-3.3/lib/plugins/maven-repository-metadata-3.0.4.jar
7f6be8cac000-7f6be8cae000 r--s 0000b000 08:11 2886102                    /home/chris/.gradle/wrapper/dists/gradle-3.3-all/55gk2rcmfc6p2dg9u9ohc3hw9/gradle-3.3/lib/plugins/maven-artifact-3.0.4.jar
7f6be8cae000-7f6be8cb0000 r--s 00026000 08:11 2886101                    /home/chris/.gradle/wrapper/dists/gradle-3.3-all/55gk2rcmfc6p2dg9u9ohc3hw9/gradle-3.3/lib/plugins/maven-model-3.0.4.jar
7f6be8cb0000-7f6be8cb4000 r--s 00021000 08:11 2886065                    /home/chris/.gradle/wrapper/dists/gradle-3.3-all/55gk2rcmfc6p2dg9u9ohc3hw9/gradle-3.3/lib/plugins/maven-model-builder-3.0.4.jar
7f6be8cb4000-7f6be8cba000 r--s 0003f000 08:11 2886064                    /home/chris/.gradle/wrapper/dists/gradle-3.3-all/55gk2rcmfc6p2dg9u9ohc3hw9/gradle-3.3/lib/plugins/maven-compat-3.0.4.jar
7f6be8cba000-7f6be8cbb000 r--s 00006000 08:11 2886063                    /home/chris/.gradle/wrapper/dists/gradle-3.3-all/55gk2rcmfc6p2dg9u9ohc3hw9/gradle-3.3/lib/plugins/plexus-sec-dispatcher-1.3.jar
7f6be8cbb000-7f6be8cbd000 r--s 00002000 08:11 2886062                    /home/chris/.gradle/wrapper/dists/gradle-3.3-all/55gk2rcmfc6p2dg9u9ohc3hw9/gradle-3.3/lib/plugins/plexus-cipher-1.7.jar
7f6be8cbd000-7f6be8cbf000 r--s 0000a000 08:11 2886056                    /home/chris/.gradle/wrapper/dists/gradle-3.3-all/55gk2rcmfc6p2dg9u9ohc3hw9/gradle-3.3/lib/plugins/plexus-classworlds-2.4.jar
7f6be8cbf000-7f6be8cc6000 r--s 0002e000 08:11 2886045                    /home/chris/.gradle/wrapper/dists/gradle-3.3-all/55gk2rcmfc6p2dg9u9ohc3hw9/gradle-3.3/lib/plugins/plexus-container-default-1.5.5.jar
7f6be8cc6000-7f6be8cc8000 r--s 00000000 08:11 2886133                    /home/chris/.gradle/wrapper/dists/gradle-3.3-all/55gk2rcmfc6p2dg9u9ohc3hw9/gradle-3.3/lib/plugins/plexus-component-annotations-1.5.5.jar
7f6be8cc8000-7f6be8cca000 r--s 0000d000 08:11 2886038                    /home/chris/.gradle/wrapper/dists/gradle-3.3-all/55gk2rcmfc6p2dg9u9ohc3hw9/gradle-3.3/lib/plugins/plexus-interpolation-1.14.jar
7f6be8cca000-7f6be8cce000 r--s 00033000 08:11 2886021                    /home/chris/.gradle/wrapper/dists/gradle-3.3-all/55gk2rcmfc6p2dg9u9ohc3hw9/gradle-3.3/lib/plugins/plexus-utils-2.0.6.jar
7f6be8cce000-7f6be8cd1000 r--s 00008000 08:11 2886020                    /home/chris/.gradle/wrapper/dists/gradle-3.3-all/55gk2rcmfc6p2dg9u9ohc3hw9/gradle-3.3/lib/plugins/maven-settings-builder-3.0.4.jar
7f6be8cd1000-7f6be8cd6000 r--s 00040000 08:11 2886005                    /home/chris/.gradle/wrapper/dists/gradle-3.3-all/55gk2rcmfc6p2dg9u9ohc3hw9/gradle-3.3/lib/plugins/jsch-0.1.53.jar
7f6be8cd6000-7f6be8d16000 r--s 00277000 08:11 2886015                    /home/chris/.gradle/wrapper/dists/gradle-3.3-all/55gk2rcmfc6p2dg9u9ohc3hw9/gradle-3.3/lib/plugins/bcprov-jdk15on-1.51.jar
7f6be8d16000-7f6be8d1a000 r--s 0001d000 08:11 2886014                    /home/chris/.gradle/wrapper/dists/gradle-3.3-all/55gk2rcmfc6p2dg9u9ohc3hw9/gradle-3.3/lib/plugins/xbean-reflect-3.4.jar
7f6be8d1a000-7f6be8d26000 r--s 0007d000 08:11 2885992                    /home/chris/.gradle/wrapper/dists/gradle-3.3-all/55gk2rcmfc6p2dg9u9ohc3hw9/gradle-3.3/lib/plugins/maven-core-3.0.4.jar
7f6be8d26000-7f6be8d35000 r--s 000d9000 08:11 2886013                    /home/chris/.gradle/wrapper/dists/gradle-3.3-all/55gk2rcmfc6p2dg9u9ohc3hw9/gradle-3.3/lib/plugins/ivy-2.2.0.jar
7f6be8d35000-7f6be8d4b000 r-xp 00000000 08:11 2626366                    /lib/x86_64-linux-gnu/libgcc_s.so.1
7f6be8d4b000-7f6be8f4a000 ---p 00016000 08:11 2626366                    /lib/x86_64-linux-gnu/libgcc_s.so.1
7f6be8f4a000-7f6be8f4b000 rw-p 00015000 08:11 2626366                    /lib/x86_64-linux-gnu/libgcc_s.so.1
7f6be8f4b000-7f6be90bd000 r-xp 00000000 08:11 4068135                    /usr/lib/x86_64-linux-gnu/libstdc++.so.6.0.21
7f6be90bd000-7f6be92bd000 ---p 00172000 08:11 4068135                    /usr/lib/x86_64-linux-gnu/libstdc++.so.6.0.21
7f6be92bd000-7f6be92c7000 r--p 00172000 08:11 4068135                    /usr/lib/x86_64-linux-gnu/libstdc++.so.6.0.21
7f6be92c7000-7f6be92c9000 rw-p 0017c000 08:11 4068135                    /usr/lib/x86_64-linux-gnu/libstdc++.so.6.0.21
7f6be92c9000-7f6be92cd000 rw-p 00000000 00:00 0 
7f6be92cd000-7f6be92cf000 r--s 0000a000 08:11 2886019                    /home/chris/.gradle/wrapper/dists/gradle-3.3-all/55gk2rcmfc6p2dg9u9ohc3hw9/gradle-3.3/lib/plugins/maven-settings-3.0.4.jar
7f6be92cf000-7f6be92d4000 r--s 00034000 08:11 2885998                    /home/chris/.gradle/wrapper/dists/gradle-3.3-all/55gk2rcmfc6p2dg9u9ohc3hw9/gradle-3.3/lib/plugins/gson-2.7.jar
7f6be92d4000-7f6be92f3000 r--s 000f6000 08:11 2885981                    /home/chris/.gradle/wrapper/dists/gradle-3.3-all/55gk2rcmfc6p2dg9u9ohc3hw9/gradle-3.3/lib/plugins/gradle-dependency-management-3.3.jar
7f6be92f3000-7f6be92f5000 r--s 00005000 08:11 2885980                    /home/chris/.gradle/wrapper/dists/gradle-3.3-all/55gk2rcmfc6p2dg9u9ohc3hw9/gradle-3.3/lib/plugins/gradle-workers-3.3.jar
7f6be92f5000-7f6be92fa000 r-xp 00000000 08:11 2895386                    /home/chris/.gradle/native/23/linux-amd64/libnative-platform.so
7f6be92fa000-7f6be94f9000 ---p 00005000 08:11 2895386                    /home/chris/.gradle/native/23/linux-amd64/libnative-platform.so
7f6be94f9000-7f6be94fa000 rw-p 00004000 08:11 2895386                    /home/chris/.gradle/native/23/linux-amd64/libnative-platform.so
7f6be94fa000-7f6be950b000 r-xp 00000000 08:11 3019840                    /home/chris/Downloads/android-studio/jre/jre/lib/amd64/libnio.so
7f6be950b000-7f6be970a000 ---p 00011000 08:11 3019840                    /home/chris/Downloads/android-studio/jre/jre/lib/amd64/libnio.so
7f6be970a000-7f6be970b000 r--p 00010000 08:11 3019840                    /home/chris/Downloads/android-studio/jre/jre/lib/amd64/libnio.so
7f6be970b000-7f6be970c000 rw-p 00011000 08:11 3019840                    /home/chris/Downloads/android-studio/jre/jre/lib/amd64/libnio.so
7f6be970c000-7f6be9a0d000 rw-p 00000000 00:00 0 
7f6be9a0d000-7f6be9a24000 r-xp 00000000 08:11 3019839                    /home/chris/Downloads/android-studio/jre/jre/lib/amd64/libnet.so
7f6be9a24000-7f6be9c23000 ---p 00017000 08:11 3019839                    /home/chris/Downloads/android-studio/jre/jre/lib/amd64/libnet.so
7f6be9c23000-7f6be9c24000 r--p 00016000 08:11 3019839                    /home/chris/Downloads/android-studio/jre/jre/lib/amd64/libnet.so
7f6be9c24000-7f6be9c25000 rw-p 00017000 08:11 3019839                    /home/chris/Downloads/android-studio/jre/jre/lib/amd64/libnet.so
7f6be9c25000-7f6be9c26000 r--s 00006000 08:11 2884359                    /home/chris/.gradle/wrapper/dists/gradle-3.3-all/55gk2rcmfc6p2dg9u9ohc3hw9/gradle-3.3/lib/gradle-wrapper-3.3.jar
7f6be9c26000-7f6be9c33000 r--s 00041000 08:11 2884367                    /home/chris/.gradle/wrapper/dists/gradle-3.3-all/55gk2rcmfc6p2dg9u9ohc3hw9/gradle-3.3/lib/gradle-tooling-api-3.3.jar
7f6be9c33000-7f6be9c35000 r--s 00002000 08:11 2885911                    /home/chris/.gradle/wrapper/dists/gradle-3.3-all/55gk2rcmfc6p2dg9u9ohc3hw9/gradle-3.3/lib/gradle-open-api-3.3.jar
7f6be9c35000-7f6be9c3b000 r--s 00032000 08:11 2885913                    /home/chris/.gradle/wrapper/dists/gradle-3.3-all/55gk2rcmfc6p2dg9u9ohc3hw9/gradle-3.3/lib/jaxen-1.1.jar
7f6be9c3b000-7f6be9c40000 r--s 00048000 08:11 2885912                    /home/chris/.gradle/wrapper/dists/gradle-3.3-all/55gk2rcmfc6p2dg9u9ohc3hw9/gradle-3.3/lib/dom4j-1.6.1.jar
7f6be9c40000-7f6be9c4b000 r--s 00059000 08:11 2884366                    /home/chris/.gradle/wrapper/dists/gradle-3.3-all/55gk2rcmfc6p2dg9u9ohc3hw9/gradle-3.3/lib/gradle-ui-3.3.jar
7f6be9c4b000-7f6be9c54000 r--s 0008c000 08:11 2884357                    /home/chris/.gradle/wrapper/dists/gradle-3.3-all/55gk2rcmfc6p2dg9u9ohc3hw9/gradle-3.3/lib/kotlin-stdlib-1.1-M02.jar
7f6be9c54000-7f6be9c5a000 r--s 0002a000 08:11 2884356                    /home/chris/.gradle/wrapper/dists/gradle-3.3-all/55gk2rcmfc6p2dg9u9ohc3hw9/gradle-3.3/lib/kotlin-runtime-1.1-M02.jar
7f6be9c5a000-7f6be9c8e000 r--s 00256000 08:11 2884355                    /home/chris/.gradle/wrapper/dists/gradle-3.3-all/55gk2rcmfc6p2dg9u9ohc3hw9/gradle-3.3/lib/kotlin-reflect-1.1-M02.jar
7f6be9c8e000-7f6be9e24000 r--s 0157e000 08:11 2884354                    /home/chris/.gradle/wrapper/dists/gradle-3.3-all/55gk2rcmfc6p2dg9u9ohc3hw9/gradle-3.3/lib/kotlin-compiler-embeddable-1.1-M02.jar
7f6be9e24000-7f6be9e2c000 r--s 0004e000 08:11 2884353                    /home/chris/.gradle/wrapper/dists/gradle-3.3-all/55gk2rcmfc6p2dg9u9ohc3hw9/gradle-3.3/lib/gradle-script-kotlin-0.5.1.jar
7f6be9e2c000-7f6be9e2f000 r--s 0000b000 08:11 2885909                    /home/chris/.gradle/wrapper/dists/gradle-3.3-all/55gk2rcmfc6p2dg9u9ohc3hw9/gradle-3.3/lib/gradle-resources-3.3.jar
7f6be9e2f000-7f6be9e31000 r--s 00003000 08:11 2885918                    /home/chris/.gradle/wrapper/dists/gradle-3.3-all/55gk2rcmfc6p2dg9u9ohc3hw9/gradle-3.3/lib/jcl-over-slf4j-1.7.10.jar
7f6be9e31000-7f6be9e32000 r--s 00005000 08:11 2885917                    /home/chris/.gradle/wrapper/dists/gradle-3.3-all/55gk2rcmfc6p2dg9u9ohc3hw9/gradle-3.3/lib/log4j-over-slf4j-1.7.10.jar
7f6be9e32000-7f6be9e34000 r--s 00000000 08:11 2885916                    /home/chris/.gradle/wrapper/dists/gradle-3.3-all/55gk2rcmfc6p2dg9u9ohc3hw9/gradle-3.3/lib/jul-to-slf4j-1.7.10.jar
7f6be9e34000-7f6be9e39000 r--s 0001e000 08:11 2884381                    /home/chris/.gradle/wrapper/dists/gradle-3.3-all/55gk2rcmfc6p2dg9u9ohc3hw9/gradle-3.3/lib/gradle-logging-3.3.jar
7f6be9e39000-7f6be9e3b000 r--s 00007000 08:11 2885937                    /home/chris/.gradle/wrapper/dists/gradle-3.3-all/55gk2rcmfc6p2dg9u9ohc3hw9/gradle-3.3/lib/objenesis-1.2.jar
7f6be9e3b000-7f6be9e3d000 r--s 00000000 08:11 2885936                    /home/chris/.gradle/wrapper/dists/gradle-3.3-all/55gk2rcmfc6p2dg9u9ohc3hw9/gradle-3.3/lib/minlog-1.2.jar
7f6be9e3d000-7f6be9e3f000 r--s 0000f000 08:11 2885935                    /home/chris/.gradle/wrapper/dists/gradle-3.3-all/55gk2rcmfc6p2dg9u9ohc3hw9/gradle-3.3/lib/reflectasm-1.07-shaded.jar
7f6be9e3f000-7f6be9e43000 r--s 00026000 08:11 2885920                    /home/chris/.gradle/wrapper/dists/gradle-3.3-all/55gk2rcmfc6p2dg9u9ohc3hw9/gradle-3.3/lib/kryo-2.20.jar
7f6be9e43000-7f6be9e49000 r--s 00027000 08:11 2885908                    /home/chris/.gradle/wrapper/dists/gradle-3.3-all/55gk2rcmfc6p2dg9u9ohc3hw9/gradle-3.3/lib/gradle-messaging-3.3.jar
7f6be9e49000-7f6be9e4a000 r--s 00001000 08:11 2885934                    /home/chris/.gradle/wrapper/dists/gradle-3.3-all/55gk2rcmfc6p2dg9u9ohc3hw9/gradle-3.3/lib/native-platform-linux-i386-ncurses6-0.12.jar
7f6be9e4a000-7f6be9e4b000 r--s 00001000 08:11 2885933                    /home/chris/.gradle/wrapper/dists/gradle-3.3-all/55gk2rcmfc6p2dg9u9ohc3hw9/gradle-3.3/lib/native-platform-linux-i386-ncurses5-0.12.jar
7f6be9e4b000-7f6be9e4c000 r--s 00001000 08:11 2885932                    /home/chris/.gradle/wrapper/dists/gradle-3.3-all/55gk2rcmfc6p2dg9u9ohc3hw9/gradle-3.3/lib/native-platform-linux-amd64-ncurses6-0.12.jar
7f6be9e4c000-7f6be9e4d000 r--s 00001000 08:11 2885931                    /home/chris/.gradle/wrapper/dists/gradle-3.3-all/55gk2rcmfc6p2dg9u9ohc3hw9/gradle-3.3/lib/native-platform-linux-amd64-ncurses5-0.12.jar
7f6be9e4d000-7f6be9e4e000 r--s 0000b000 08:11 2885930                    /home/chris/.gradle/wrapper/dists/gradle-3.3-all/55gk2rcmfc6p2dg9u9ohc3hw9/gradle-3.3/lib/native-platform-windows-i386-0.12.jar
7f6be9e4e000-7f6be9e50000 r--s 0000b000 08:11 2885929                    /home/chris/.gradle/wrapper/dists/gradle-3.3-all/55gk2rcmfc6p2dg9u9ohc3hw9/gradle-3.3/lib/native-platform-windows-amd64-0.12.jar
7f6be9e50000-7f6be9e52000 r--s 00002000 08:11 2885928                    /home/chris/.gradle/wrapper/dists/gradle-3.3-all/55gk2rcmfc6p2dg9u9ohc3hw9/gradle-3.3/lib/native-platform-osx-i386-0.12.jar
7f6be9e52000-7f6be9e53000 r--s 00002000 08:11 2885927                    /home/chris/.gradle/wrapper/dists/gradle-3.3-all/55gk2rcmfc6p2dg9u9ohc3hw9/gradle-3.3/lib/native-platform-osx-amd64-0.12.jar
7f6be9e53000-7f6be9e54000 r--s 00002000 08:11 2885926                    /home/chris/.gradle/wrapper/dists/gradle-3.3-all/55gk2rcmfc6p2dg9u9ohc3hw9/gradle-3.3/lib/native-platform-linux-i386-0.12.jar
7f6be9e54000-7f6be9e55000 r--s 00002000 08:11 2885925                    /home/chris/.gradle/wrapper/dists/gradle-3.3-all/55gk2rcmfc6p2dg9u9ohc3hw9/gradle-3.3/lib/native-platform-linux-amd64-0.12.jar
7f6be9e55000-7f6be9e56000 r--s 00003000 08:11 2885924                    /home/chris/.gradle/wrapper/dists/gradle-3.3-all/55gk2rcmfc6p2dg9u9ohc3hw9/gradle-3.3/lib/native-platform-freebsd-i386-libstdcpp-0.12.jar
7f6be9e56000-7f6be9e57000 r--s 00004000 08:11 2885923                    /home/chris/.gradle/wrapper/dists/gradle-3.3-all/55gk2rcmfc6p2dg9u9ohc3hw9/gradle-3.3/lib/native-platform-freebsd-i386-libcpp-0.12.jar
7f6be9e57000-7f6be9e59000 r--s 00003000 08:11 2885922                    /home/chris/.gradle/wrapper/dists/gradle-3.3-all/55gk2rcmfc6p2dg9u9ohc3hw9/gradle-3.3/lib/native-platform-freebsd-amd64-libstdcpp-0.12.jar
7f6be9e59000-7f6be9e5c000 r--s 00023000 08:11 2885915                    /home/chris/.gradle/wrapper/dists/gradle-3.3-all/55gk2rcmfc6p2dg9u9ohc3hw9/gradle-3.3/lib/jansi-1.14.jar
7f6be9e5c000-7f6be9e60000 r--s 00011000 08:11 2885914                    /home/chris/.gradle/wrapper/dists/gradle-3.3-all/55gk2rcmfc6p2dg9u9ohc3hw9/gradle-3.3/lib/native-platform-0.12.jar
7f6be9e60000-7f6be9e63000 r--s 0000a000 08:11 2884369                    /home/chris/.gradle/wrapper/dists/gradle-3.3-all/55gk2rcmfc6p2dg9u9ohc3hw9/gradle-3.3/lib/gradle-native-3.3.jar
7f6be9e63000-7f6be9e72000 r--s 0007f000 08:11 2885129                    /home/chris/.gradle/wrapper/dists/gradle-3.3-all/55gk2rcmfc6p2dg9u9ohc3hw9/gradle-3.3/lib/gradle-model-core-3.3.jar
7f6be9e72000-7f6be9ee2000 r--s 00641000 08:11 2885128                    /home/chris/.gradle/wrapper/dists/gradle-3.3-all/55gk2rcmfc6p2dg9u9ohc3hw9/gradle-3.3/lib/groovy-all-2.4.7.jar
7f6be9ee2000-7f6be9f0a000 r--s 001cf000 08:11 2884445                    /home/chris/.gradle/wrapper/dists/gradle-3.3-all/55gk2rcmfc6p2dg9u9ohc3hw9/gradle-3.3/lib/guava-jdk5-17.0.jar
7f6be9f0a000-7f6be9f0b000 ---p 00000000 00:00 0 
7f6be9f0b000-7f6bea00b000 rw-p 00000000 00:00 0 
7f6bea00b000-7f6bea00e000 ---p 00000000 00:00 0 
7f6bea00e000-7f6bea10c000 rw-p 00000000 00:00 0 
7f6bea10c000-7f6bea10f000 ---p 00000000 00:00 0 
7f6bea10f000-7f6bea20d000 rw-p 00000000 00:00 0 
7f6bea20d000-7f6bea210000 ---p 00000000 00:00 0 
7f6bea210000-7f6bea30e000 rw-p 00000000 00:00 0 
7f6bea30e000-7f6bea311000 ---p 00000000 00:00 0 
7f6bea311000-7f6bea40f000 rw-p 00000000 00:00 0 
7f6bea40f000-7f6bea412000 ---p 00000000 00:00 0 
7f6bea412000-7f6bea510000 rw-p 00000000 00:00 0 
7f6bea510000-7f6bea513000 ---p 00000000 00:00 0 
7f6bea513000-7f6bea611000 rw-p 00000000 00:00 0 
7f6bea611000-7f6bea8e9000 r--p 00000000 08:11 4068044                    /usr/lib/locale/locale-archive
7f6bea8e9000-7f6bea8ec000 ---p 00000000 00:00 0 
7f6bea8ec000-7f6bea9ea000 rw-p 00000000 00:00 0 
7f6bea9ea000-7f6bea9ed000 ---p 00000000 00:00 0 
7f6bea9ed000-7f6beaaeb000 rw-p 00000000 00:00 0 
7f6beaaeb000-7f6beaaec000 ---p 00000000 00:00 0 
7f6beaaec000-7f6bec000000 rw-p 00000000 00:00 0 
7f6bec000000-7f6bec021000 rw-p 00000000 00:00 0 
7f6bec021000-7f6bf0000000 ---p 00000000 00:00 0 
7f6bf0000000-7f6bf0021000 rw-p 00000000 00:00 0 
7f6bf0021000-7f6bf4000000 ---p 00000000 00:00 0 
7f6bf4000000-7f6bf4021000 rw-p 00000000 00:00 0 
7f6bf4021000-7f6bf8000000 ---p 00000000 00:00 0 
7f6bf8000000-7f6bf8001000 r--s 00004000 08:11 2885921                    /home/chris/.gradle/wrapper/dists/gradle-3.3-all/55gk2rcmfc6p2dg9u9ohc3hw9/gradle-3.3/lib/native-platform-freebsd-amd64-libcpp-0.12.jar
7f6bf8001000-7f6bf8003000 r--s 00005000 08:11 2884365                    /home/chris/.gradle/wrapper/dists/gradle-3.3-all/55gk2rcmfc6p2dg9u9ohc3hw9/gradle-3.3/lib/gradle-cli-3.3.jar
7f6bf8003000-7f6bf8005000 r--s 00007000 08:11 2885130                    /home/chris/.gradle/wrapper/dists/gradle-3.3-all/55gk2rcmfc6p2dg9u9ohc3hw9/gradle-3.3/lib/gradle-model-groovy-3.3.jar
7f6bf8005000-7f6bf8007000 r--s 00006000 08:11 2885907                    /home/chris/.gradle/wrapper/dists/gradle-3.3-all/55gk2rcmfc6p2dg9u9ohc3hw9/gradle-3.3/lib/gradle-base-services-groovy-3.3.jar
7f6bf8007000-7f6bf8008000 r--s 00002000 08:11 2885910                    /home/chris/.gradle/wrapper/dists/gradle-3.3-all/55gk2rcmfc6p2dg9u9ohc3hw9/gradle-3.3/lib/gradle-docs-3.3.jar
7f6bf8008000-7f6bf800c000 r--s 00027000 08:11 2885904                    /home/chris/.gradle/wrapper/dists/gradle-3.3-all/55gk2rcmfc6p2dg9u9ohc3hw9/gradle-3.3/lib/commons-io-2.2.jar
7f6bf800c000-7f6bf8019000 r--s 00083000 08:11 2885897                    /home/chris/.gradle/wrapper/dists/gradle-3.3-all/55gk2rcmfc6p2dg9u9ohc3hw9/gradle-3.3/lib/commons-collections-3.2.2.jar
7f6bf8019000-7f6bf8038000 r--s 001d1000 08:11 2885688                    /home/chris/.gradle/wrapper/dists/gradle-3.3-all/55gk2rcmfc6p2dg9u9ohc3hw9/gradle-3.3/lib/ant-1.9.6.jar
7f6bf8038000-7f6bf8075000 r--s 001f8000 08:11 2884364                    /home/chris/.gradle/wrapper/dists/gradle-3.3-all/55gk2rcmfc6p2dg9u9ohc3hw9/gradle-3.3/lib/gradle-core-3.3.jar
7f6bf8075000-7f6bfc000000 rw-p 00000000 00:00 0 
7f6bfc000000-7f6bfc023000 rw-p 00000000 00:00 0 
7f6bfc023000-7f6c00000000 ---p 00000000 00:00 0 
7f6c00000000-7f6c00001000 r--s 00000000 08:11 2885906                    /home/chris/.gradle/wrapper/dists/gradle-3.3-all/55gk2rcmfc6p2dg9u9ohc3hw9/gradle-3.3/lib/javax.inject-1.jar
7f6c00001000-7f6c00002000 r--s 00000000 08:11 2885905                    /home/chris/.gradle/wrapper/dists/gradle-3.3-all/55gk2rcmfc6p2dg9u9ohc3hw9/gradle-3.3/lib/jcip-annotations-1.0.jar
7f6c00002000-7f6c000b3000 rw-p 00000000 00:00 0 
7f6c000b3000-7f6c00282000 r--s 03c1b000 08:11 3019807                    /home/chris/Downloads/android-studio/jre/jre/lib/rt.jar
7f6c00282000-7f6c005f8000 rw-p 00000000 00:00 0 
7f6c005f8000-7f6c005f9000 ---p 00000000 00:00 0 
7f6c005f9000-7f6c006f9000 rw-p 00000000 00:00 0 
7f6c006f9000-7f6c006fa000 ---p 00000000 00:00 0 
7f6c006fa000-7f6c007fa000 rw-p 00000000 00:00 0 
7f6c007fa000-7f6c007fb000 ---p 00000000 00:00 0 
7f6c007fb000-7f6c008fb000 rw-p 00000000 00:00 0 
7f6c008fb000-7f6c008fc000 ---p 00000000 00:00 0 
7f6c008fc000-7f6c009fc000 rw-p 00000000 00:00 0 
7f6c009fc000-7f6c009fd000 ---p 00000000 00:00 0 
7f6c009fd000-7f6c00afd000 rw-p 00000000 00:00 0 
7f6c00afd000-7f6c00afe000 ---p 00000000 00:00 0 
7f6c00afe000-7f6c00bfe000 rw-p 00000000 00:00 0 
7f6c00bfe000-7f6c00bff000 ---p 00000000 00:00 0 
7f6c00bff000-7f6c00cff000 rw-p 00000000 00:00 0 
7f6c00cff000-7f6c00d00000 ---p 00000000 00:00 0 
7f6c00d00000-7f6c00e2d000 rw-p 00000000 00:00 0 
7f6c00e2d000-7f6c01000000 ---p 00000000 00:00 0 
7f6c01000000-7f6c02980000 rwxp 00000000 00:00 0 
7f6c02980000-7f6c10000000 ---p 00000000 00:00 0 
7f6c10000000-7f6c10cff000 rw-p 00000000 00:00 0 
7f6c10cff000-7f6c14000000 ---p 00000000 00:00 0 
7f6c14000000-7f6c14005000 r--s 00038000 08:11 2885131                    /home/chris/.gradle/wrapper/dists/gradle-3.3-all/55gk2rcmfc6p2dg9u9ohc3hw9/gradle-3.3/lib/asm-all-5.1.jar
7f6c14005000-7f6c14006000 r--s 00001000 08:11 2885127                    /home/chris/.gradle/wrapper/dists/gradle-3.3-all/55gk2rcmfc6p2dg9u9ohc3hw9/gradle-3.3/lib/gradle-process-services-3.3.jar
7f6c14006000-7f6c14008000 r--s 00000000 08:11 2884363                    /home/chris/.gradle/wrapper/dists/gradle-3.3-all/55gk2rcmfc6p2dg9u9ohc3hw9/gradle-3.3/lib/gradle-jvm-services-3.3.jar
7f6c14008000-7f6c14009000 r--s 00000000 08:11 2886135                    /home/chris/.gradle/wrapper/dists/gradle-3.3-all/55gk2rcmfc6p2dg9u9ohc3hw9/gradle-3.3/lib/gradle-version-info-3.3.jar
7f6c14009000-7f6c1400e000 r--s 00041000 08:11 2885121                    /home/chris/.gradle/wrapper/dists/gradle-3.3-all/55gk2rcmfc6p2dg9u9ohc3hw9/gradle-3.3/lib/commons-lang-2.6.jar
7f6c1400e000-7f6c1401b000 r--s 0005c000 08:11 2884358                    /home/chris/.gradle/wrapper/dists/gradle-3.3-all/55gk2rcmfc6p2dg9u9ohc3hw9/gradle-3.3/lib/gradle-launcher-3.3.jar
7f6c1401b000-7f6c14048000 rw-p 00000000 00:00 0 
7f6c14048000-7f6c1421b000 ---p 00000000 00:00 0 
7f6c1421b000-7f6c14291000 rw-p 00000000 00:00 0 
7f6c14291000-7f6c1431b000 ---p 00000000 00:00 0 
7f6c1431b000-7f6c14382000 rw-p 00000000 00:00 0 
7f6c14382000-7f6c146dc000 ---p 00000000 00:00 0 
7f6c146dc000-7f6c146f6000 r-xp 00000000 08:11 3019824                    /home/chris/Downloads/android-studio/jre/jre/lib/amd64/libzip.so
7f6c146f6000-7f6c148f6000 ---p 0001a000 08:11 3019824                    /home/chris/Downloads/android-studio/jre/jre/lib/amd64/libzip.so
7f6c148f6000-7f6c148f7000 r--p 0001a000 08:11 3019824                    /home/chris/Downloads/android-studio/jre/jre/lib/amd64/libzip.so
7f6c148f7000-7f6c148f8000 rw-p 0001b000 08:11 3019824                    /home/chris/Downloads/android-studio/jre/jre/lib/amd64/libzip.so
7f6c148f8000-7f6c14903000 r-xp 00000000 08:11 2622678                    /lib/x86_64-linux-gnu/libnss_files-2.23.so
7f6c14903000-7f6c14b02000 ---p 0000b000 08:11 2622678                    /lib/x86_64-linux-gnu/libnss_files-2.23.so
7f6c14b02000-7f6c14b03000 r--p 0000a000 08:11 2622678                    /lib/x86_64-linux-gnu/libnss_files-2.23.so
7f6c14b03000-7f6c14b04000 rw-p 0000b000 08:11 2622678                    /lib/x86_64-linux-gnu/libnss_files-2.23.so
7f6c14b04000-7f6c14b0a000 rw-p 00000000 00:00 0 
7f6c14b0a000-7f6c14b15000 r-xp 00000000 08:11 2622664                    /lib/x86_64-linux-gnu/libnss_nis-2.23.so
7f6c14b15000-7f6c14d14000 ---p 0000b000 08:11 2622664                    /lib/x86_64-linux-gnu/libnss_nis-2.23.so
7f6c14d14000-7f6c14d15000 r--p 0000a000 08:11 2622664                    /lib/x86_64-linux-gnu/libnss_nis-2.23.so
7f6c14d15000-7f6c14d16000 rw-p 0000b000 08:11 2622664                    /lib/x86_64-linux-gnu/libnss_nis-2.23.so
7f6c14d16000-7f6c14d2c000 r-xp 00000000 08:11 2622668                    /lib/x86_64-linux-gnu/libnsl-2.23.so
7f6c14d2c000-7f6c14f2b000 ---p 00016000 08:11 2622668                    /lib/x86_64-linux-gnu/libnsl-2.23.so
7f6c14f2b000-7f6c14f2c000 r--p 00015000 08:11 2622668                    /lib/x86_64-linux-gnu/libnsl-2.23.so
7f6c14f2c000-7f6c14f2d000 rw-p 00016000 08:11 2622668                    /lib/x86_64-linux-gnu/libnsl-2.23.so
7f6c14f2d000-7f6c14f2f000 rw-p 00000000 00:00 0 
7f6c14f2f000-7f6c14f37000 r-xp 00000000 08:11 2622682                    /lib/x86_64-linux-gnu/libnss_compat-2.23.so
7f6c14f37000-7f6c15136000 ---p 00008000 08:11 2622682                    /lib/x86_64-linux-gnu/libnss_compat-2.23.so
7f6c15136000-7f6c15137000 r--p 00007000 08:11 2622682                    /lib/x86_64-linux-gnu/libnss_compat-2.23.so
7f6c15137000-7f6c15138000 rw-p 00008000 08:11 2622682                    /lib/x86_64-linux-gnu/libnss_compat-2.23.so
7f6c15138000-7f6c15165000 r-xp 00000000 08:11 3019842                    /home/chris/Downloads/android-studio/jre/jre/lib/amd64/libjava.so
7f6c15165000-7f6c15364000 ---p 0002d000 08:11 3019842                    /home/chris/Downloads/android-studio/jre/jre/lib/amd64/libjava.so
7f6c15364000-7f6c15365000 r--p 0002c000 08:11 3019842                    /home/chris/Downloads/android-studio/jre/jre/lib/amd64/libjava.so
7f6c15365000-7f6c15367000 rw-p 0002d000 08:11 3019842                    /home/chris/Downloads/android-studio/jre/jre/lib/amd64/libjava.so
7f6c15367000-7f6c15377000 r-xp 00000000 08:11 3019813                    /home/chris/Downloads/android-studio/jre/jre/lib/amd64/libverify.so
7f6c15377000-7f6c15576000 ---p 00010000 08:11 3019813                    /home/chris/Downloads/android-studio/jre/jre/lib/amd64/libverify.so
7f6c15576000-7f6c15578000 r--p 0000f000 08:11 3019813                    /home/chris/Downloads/android-studio/jre/jre/lib/amd64/libverify.so
7f6c15578000-7f6c15579000 rw-p 00011000 08:11 3019813                    /home/chris/Downloads/android-studio/jre/jre/lib/amd64/libverify.so
7f6c15579000-7f6c15580000 r-xp 00000000 08:11 2622684                    /lib/x86_64-linux-gnu/librt-2.23.so
7f6c15580000-7f6c1577f000 ---p 00007000 08:11 2622684                    /lib/x86_64-linux-gnu/librt-2.23.so
7f6c1577f000-7f6c15780000 r--p 00006000 08:11 2622684                    /lib/x86_64-linux-gnu/librt-2.23.so
7f6c15780000-7f6c15781000 rw-p 00007000 08:11 2622684                    /lib/x86_64-linux-gnu/librt-2.23.so
7f6c15781000-7f6c15889000 r-xp 00000000 08:11 2622666                    /lib/x86_64-linux-gnu/libm-2.23.so
7f6c15889000-7f6c15a88000 ---p 00108000 08:11 2622666                    /lib/x86_64-linux-gnu/libm-2.23.so
7f6c15a88000-7f6c15a89000 r--p 00107000 08:11 2622666                    /lib/x86_64-linux-gnu/libm-2.23.so
7f6c15a89000-7f6c15a8a000 rw-p 00108000 08:11 2622666                    /lib/x86_64-linux-gnu/libm-2.23.so
7f6c15a8a000-7f6c1667b000 r-xp 00000000 08:11 3019822                    /home/chris/Downloads/android-studio/jre/jre/lib/amd64/server/libjvm.so
7f6c1667b000-7f6c1687b000 ---p 00bf1000 08:11 3019822                    /home/chris/Downloads/android-studio/jre/jre/lib/amd64/server/libjvm.so
7f6c1687b000-7f6c1691a000 r--p 00bf1000 08:11 3019822                    /home/chris/Downloads/android-studio/jre/jre/lib/amd64/server/libjvm.so
7f6c1691a000-7f6c16943000 rw-p 00c90000 08:11 3019822                    /home/chris/Downloads/android-studio/jre/jre/lib/amd64/server/libjvm.so
7f6c16943000-7f6c16987000 rw-p 00000000 00:00 0 
7f6c16987000-7f6c1699f000 r-xp 00000000 08:11 2622692                    /lib/x86_64-linux-gnu/libpthread-2.23.so
7f6c1699f000-7f6c16b9e000 ---p 00018000 08:11 2622692                    /lib/x86_64-linux-gnu/libpthread-2.23.so
7f6c16b9e000-7f6c16b9f000 r--p 00017000 08:11 2622692                    /lib/x86_64-linux-gnu/libpthread-2.23.so
7f6c16b9f000-7f6c16ba0000 rw-p 00018000 08:11 2622692                    /lib/x86_64-linux-gnu/libpthread-2.23.so
7f6c16ba0000-7f6c16ba4000 rw-p 00000000 00:00 0 
7f6c16ba4000-7f6c16ba7000 r-xp 00000000 08:11 2622662                    /lib/x86_64-linux-gnu/libdl-2.23.so
7f6c16ba7000-7f6c16da6000 ---p 00003000 08:11 2622662                    /lib/x86_64-linux-gnu/libdl-2.23.so
7f6c16da6000-7f6c16da7000 r--p 00002000 08:11 2622662                    /lib/x86_64-linux-gnu/libdl-2.23.so
7f6c16da7000-7f6c16da8000 rw-p 00003000 08:11 2622662                    /lib/x86_64-linux-gnu/libdl-2.23.so
7f6c16da8000-7f6c16f67000 r-xp 00000000 08:11 2622670                    /lib/x86_64-linux-gnu/libc-2.23.so
7f6c16f67000-7f6c17167000 ---p 001bf000 08:11 2622670                    /lib/x86_64-linux-gnu/libc-2.23.so
7f6c17167000-7f6c1716b000 r--p 001bf000 08:11 2622670                    /lib/x86_64-linux-gnu/libc-2.23.so
7f6c1716b000-7f6c1716d000 rw-p 001c3000 08:11 2622670                    /lib/x86_64-linux-gnu/libc-2.23.so
7f6c1716d000-7f6c17171000 rw-p 00000000 00:00 0 
7f6c17171000-7f6c17187000 r-xp 00000000 08:11 3019763                    /home/chris/Downloads/android-studio/jre/lib/amd64/jli/libjli.so
7f6c17187000-7f6c17386000 ---p 00016000 08:11 3019763                    /home/chris/Downloads/android-studio/jre/lib/amd64/jli/libjli.so
7f6c17386000-7f6c17387000 r--p 00015000 08:11 3019763                    /home/chris/Downloads/android-studio/jre/lib/amd64/jli/libjli.so
7f6c17387000-7f6c17388000 rw-p 00016000 08:11 3019763                    /home/chris/Downloads/android-studio/jre/lib/amd64/jli/libjli.so
7f6c17388000-7f6c173ae000 r-xp 00000000 08:11 2622672                    /lib/x86_64-linux-gnu/ld-2.23.so
7f6c173ae000-7f6c173af000 r--s 00007000 08:11 2884382                    /home/chris/.gradle/wrapper/dists/gradle-3.3-all/55gk2rcmfc6p2dg9u9ohc3hw9/gradle-3.3/lib/slf4j-api-1.7.10.jar
7f6c173af000-7f6c173b0000 r--s 00004000 08:11 2885919                    /home/chris/.gradle/wrapper/dists/gradle-3.3-all/55gk2rcmfc6p2dg9u9ohc3hw9/gradle-3.3/lib/ant-launcher-1.9.6.jar
7f6c173b0000-7f6c173b9000 r--s 00042000 08:11 2884362                    /home/chris/.gradle/wrapper/dists/gradle-3.3-all/55gk2rcmfc6p2dg9u9ohc3hw9/gradle-3.3/lib/gradle-base-services-3.3.jar
7f6c173b9000-7f6c1747e000 rw-p 00000000 00:00 0 
7f6c1747e000-7f6c17481000 ---p 00000000 00:00 0 
7f6c17481000-7f6c175a1000 rw-p 00000000 00:00 0 
7f6c175a1000-7f6c175a9000 rw-s 00000000 08:11 6432746                    /tmp/hsperfdata_chris/6574
7f6c175a9000-7f6c175aa000 rw-p 00000000 00:00 0 
7f6c175aa000-7f6c175ab000 ---p 00000000 00:00 0 
7f6c175ab000-7f6c175ad000 rw-p 00000000 00:00 0 
7f6c175ad000-7f6c175ae000 r--p 00025000 08:11 2622672                    /lib/x86_64-linux-gnu/ld-2.23.so
7f6c175ae000-7f6c175af000 rw-p 00026000 08:11 2622672                    /lib/x86_64-linux-gnu/ld-2.23.so
7f6c175af000-7f6c175b0000 rw-p 00000000 00:00 0 
7fff73ce3000-7fff73d04000 rw-p 00000000 00:00 0                          [stack]
7fff73d42000-7fff73d44000 r--p 00000000 00:00 0                          [vvar]
7fff73d44000-7fff73d46000 r-xp 00000000 00:00 0                          [vdso]
ffffffffff600000-ffffffffff601000 r-xp 00000000 00:00 0                  [vsyscall]

VM Arguments:
jvm_args: -Xmx1536m -Dfile.encoding=UTF-8 -Duser.country=GB -Duser.language=en -Duser.variant 
java_command: org.gradle.launcher.daemon.bootstrap.GradleDaemon 3.3
java_class_path (initial): /home/chris/.gradle/wrapper/dists/gradle-3.3-all/55gk2rcmfc6p2dg9u9ohc3hw9/gradle-3.3/lib/gradle-launcher-3.3.jar
Launcher Type: SUN_STANDARD

Environment Variables:
JAVA_HOME=/usr/lib/jvm/java-8-oracle
PATH=/home/chris/bin:/home/chris/.local/bin:/usr/local/sbin:/usr/local/bin:/usr/sbin:/usr/bin:/sbin:/bin:/usr/games:/usr/local/games:/snap/bin:/usr/lib/jvm/java-8-oracle/bin:/usr/lib/jvm/java-8-oracle/db/bin:/usr/lib/jvm/java-8-oracle/jre/bin
LD_LIBRARY_PATH=/home/chris/Downloads/android-studio/bin:
SHELL=/bin/bash
DISPLAY=:0

Signal Handlers:
SIGSEGV: [libjvm.so+0x9e5150], sa_mask[0]=11111111011111111101111111111110, sa_flags=SA_RESTART|SA_SIGINFO
SIGBUS: [libjvm.so+0x9e5150], sa_mask[0]=11111111011111111101111111111110, sa_flags=SA_RESTART|SA_SIGINFO
SIGFPE: [libjvm.so+0x848450], sa_mask[0]=11111111011111111101111111111110, sa_flags=SA_RESTART|SA_SIGINFO
SIGPIPE: [libjvm.so+0x848450], sa_mask[0]=11111111011111111101111111111110, sa_flags=SA_RESTART|SA_SIGINFO
SIGXFSZ: [libjvm.so+0x848450], sa_mask[0]=11111111011111111101111111111110, sa_flags=SA_RESTART|SA_SIGINFO
SIGILL: [libjvm.so+0x848450], sa_mask[0]=11111111011111111101111111111110, sa_flags=SA_RESTART|SA_SIGINFO
SIGUSR1: SIG_DFL, sa_mask[0]=00000000000000000000000000000000, sa_flags=none
SIGUSR2: [libjvm.so+0x848320], sa_mask[0]=00100000000000000000000000000000, sa_flags=SA_RESTART|SA_SIGINFO
SIGHUP: [libjvm.so+0x848510], sa_mask[0]=11111111011111111101111111111110, sa_flags=SA_RESTART|SA_SIGINFO
SIGINT: [libjvm.so+0x848510], sa_mask[0]=11111111011111111101111111111110, sa_flags=SA_RESTART|SA_SIGINFO
SIGTERM: [libjvm.so+0x848510], sa_mask[0]=11111111011111111101111111111110, sa_flags=SA_RESTART|SA_SIGINFO
SIGQUIT: [libjvm.so+0x848510], sa_mask[0]=11111111011111111101111111111110, sa_flags=SA_RESTART|SA_SIGINFO


---------------  S Y S T E M  ---------------

OS:DISTRIB_ID=Ubuntu
DISTRIB_RELEASE=16.04
DISTRIB_CODENAME=xenial
DISTRIB_DESCRIPTION="Ubuntu 16.04.1 LTS"

uname:Linux 4.4.0-71-generic #92-Ubuntu SMP Fri Mar 24 12:59:01 UTC 2017 x86_64
libc:glibc 2.23 NPTL 2.23 
rlimit: STACK 8192k, CORE 0k, NPROC 31349, NOFILE 65536, AS infinity
load average:2.25 1.18 0.84

/proc/meminfo:
MemTotal:        8065644 kB
MemFree:          129000 kB
MemAvailable:      17904 kB
Buffers:             528 kB
Cached:           158144 kB
SwapCached:            0 kB
Active:          3628472 kB
Inactive:         152972 kB
Active(anon):    3628472 kB
Inactive(anon):   146508 kB
Active(file):          0 kB
Inactive(file):     6464 kB
Unevictable:          48 kB
Mlocked:              48 kB
SwapTotal:             0 kB
SwapFree:              0 kB
Dirty:                32 kB
Writeback:             0 kB
AnonPages:       3626612 kB
Mapped:           974196 kB
Shmem:            148416 kB
Slab:             155848 kB
SReclaimable:      44564 kB
SUnreclaim:       111284 kB
KernelStack:       12512 kB
PageTables:        47236 kB
NFS_Unstable:          0 kB
Bounce:                0 kB
WritebackTmp:          0 kB
CommitLimit:     4032820 kB
Committed_AS:    8406532 kB
VmallocTotal:   34359738367 kB
VmallocUsed:           0 kB
VmallocChunk:          0 kB
HardwareCorrupted:     0 kB
AnonHugePages:   2074624 kB
CmaTotal:              0 kB
CmaFree:               0 kB
HugePages_Total:       0
HugePages_Free:        0
HugePages_Rsvd:        0
HugePages_Surp:        0
Hugepagesize:       2048 kB
DirectMap4k:     4468360 kB
DirectMap2M:     3811328 kB
DirectMap1G:           0 kB


CPU:total 8 (4 cores per cpu, 2 threads per core) family 6 model 60 stepping 3, cmov, cx8, fxsr, mmx, sse, sse2, sse3, ssse3, sse4.1, sse4.2, popcnt, avx, avx2, aes, clmul, erms, lzcnt, ht, tsc, tscinvbit, bmi1, bmi2

/proc/cpuinfo:
processor	: 0
vendor_id	: GenuineIntel
cpu family	: 6
model		: 60
model name	: Intel(R) Core(TM) i7-4790K CPU @ 4.00GHz
stepping	: 3
microcode	: 0x1e
cpu MHz		: 4325.937
cache size	: 8192 KB
physical id	: 0
siblings	: 8
core id		: 0
cpu cores	: 4
apicid		: 0
initial apicid	: 0
fpu		: yes
fpu_exception	: yes
cpuid level	: 13
wp		: yes
flags		: fpu vme de pse tsc msr pae mce cx8 apic sep mtrr pge mca cmov pat pse36 clflush dts acpi mmx fxsr sse sse2 ss ht tm pbe syscall nx pdpe1gb rdtscp lm constant_tsc arch_perfmon pebs bts rep_good nopl xtopology nonstop_tsc aperfmperf eagerfpu pni pclmulqdq dtes64 monitor ds_cpl vmx est tm2 ssse3 sdbg fma cx16 xtpr pdcm pcid sse4_1 sse4_2 x2apic movbe popcnt tsc_deadline_timer aes xsave avx f16c rdrand lahf_lm abm tpr_shadow vnmi flexpriority ept vpid fsgsbase tsc_adjust bmi1 avx2 smep bmi2 erms invpcid xsaveopt dtherm ida arat pln pts
bugs		:
bogomips	: 7999.70
clflush size	: 64
cache_alignment	: 64
address sizes	: 39 bits physical, 48 bits virtual
power management:

processor	: 1
vendor_id	: GenuineIntel
cpu family	: 6
model		: 60
model name	: Intel(R) Core(TM) i7-4790K CPU @ 4.00GHz
stepping	: 3
microcode	: 0x1e
cpu MHz		: 4291.875
cache size	: 8192 KB
physical id	: 0
siblings	: 8
core id		: 1
cpu cores	: 4
apicid		: 2
initial apicid	: 2
fpu		: yes
fpu_exception	: yes
cpuid level	: 13
wp		: yes
flags		: fpu vme de pse tsc msr pae mce cx8 apic sep mtrr pge mca cmov pat pse36 clflush dts acpi mmx fxsr sse sse2 ss ht tm pbe syscall nx pdpe1gb rdtscp lm constant_tsc arch_perfmon pebs bts rep_good nopl xtopology nonstop_tsc aperfmperf eagerfpu pni pclmulqdq dtes64 monitor ds_cpl vmx est tm2 ssse3 sdbg fma cx16 xtpr pdcm pcid sse4_1 sse4_2 x2apic movbe popcnt tsc_deadline_timer aes xsave avx f16c rdrand lahf_lm abm tpr_shadow vnmi flexpriority ept vpid fsgsbase tsc_adjust bmi1 avx2 smep bmi2 erms invpcid xsaveopt dtherm ida arat pln pts
bugs		:
bogomips	: 7999.70
clflush size	: 64
cache_alignment	: 64
address sizes	: 39 bits physical, 48 bits virtual
power management:

processor	: 2
vendor_id	: GenuineIntel
cpu family	: 6
model		: 60
model name	: Intel(R) Core(TM) i7-4790K CPU @ 4.00GHz
stepping	: 3
microcode	: 0x1e
cpu MHz		: 4266.875
cache size	: 8192 KB
physical id	: 0
siblings	: 8
core id		: 2
cpu cores	: 4
apicid		: 4
initial apicid	: 4
fpu		: yes
fpu_exception	: yes
cpuid level	: 13
wp		: yes
flags		: fpu vme de pse tsc msr pae mce cx8 apic sep mtrr pge mca cmov pat pse36 clflush dts acpi mmx fxsr sse sse2 ss ht tm pbe syscall nx pdpe1gb rdtscp lm constant_tsc arch_perfmon pebs bts rep_good nopl xtopology nonstop_tsc aperfmperf eagerfpu pni pclmulqdq dtes64 monitor ds_cpl vmx est tm2 ssse3 sdbg fma cx16 xtpr pdcm pcid sse4_1 sse4_2 x2apic movbe popcnt tsc_deadline_timer aes xsave avx f16c rdrand lahf_lm abm tpr_shadow vnmi flexpriority ept vpid fsgsbase tsc_adjust bmi1 avx2 smep bmi2 erms invpcid xsaveopt dtherm ida arat pln pts
bugs		:
bogomips	: 7999.70
clflush size	: 64
cache_alignment	: 64
address sizes	: 39 bits physical, 48 bits virtual
power management:

processor	: 3
vendor_id	: GenuineIntel
cpu family	: 6
model		: 60
model name	: Intel(R) Core(TM) i7-4790K CPU @ 4.00GHz
stepping	: 3
microcode	: 0x1e
cpu MHz		: 4206.875
cache size	: 8192 KB
physical id	: 0
siblings	: 8
core id		: 3
cpu cores	: 4
apicid		: 6
initial apicid	: 6
fpu		: yes
fpu_exception	: yes
cpuid level	: 13
wp		: yes
flags		: fpu vme de pse tsc msr pae mce cx8 apic sep mtrr pge mca cmov pat pse36 clflush dts acpi mmx fxsr sse sse2 ss ht tm pbe syscall nx pdpe1gb rdtscp lm constant_tsc arch_perfmon pebs bts rep_good nopl xtopology nonstop_tsc aperfmperf eagerfpu pni pclmulqdq dtes64 monitor ds_cpl vmx est tm2 ssse3 sdbg fma cx16 xtpr pdcm pcid sse4_1 sse4_2 x2apic movbe popcnt tsc_deadline_timer aes xsave avx f16c rdrand lahf_lm abm tpr_shadow vnmi flexpriority ept vpid fsgsbase tsc_adjust bmi1 avx2 smep bmi2 erms invpcid xsaveopt dtherm ida arat pln pts
bugs		:
bogomips	: 7999.70
clflush size	: 64
cache_alignment	: 64
address sizes	: 39 bits physical, 48 bits virtual
power management:

processor	: 4
vendor_id	: GenuineIntel
cpu family	: 6
model		: 60
model name	: Intel(R) Core(TM) i7-4790K CPU @ 4.00GHz
stepping	: 3
microcode	: 0x1e
cpu MHz		: 4254.218
cache size	: 8192 KB
physical id	: 0
siblings	: 8
core id		: 0
cpu cores	: 4
apicid		: 1
initial apicid	: 1
fpu		: yes
fpu_exception	: yes
cpuid level	: 13
wp		: yes
flags		: fpu vme de pse tsc msr pae mce cx8 apic sep mtrr pge mca cmov pat pse36 clflush dts acpi mmx fxsr sse sse2 ss ht tm pbe syscall nx pdpe1gb rdtscp lm constant_tsc arch_perfmon pebs bts rep_good nopl xtopology nonstop_tsc aperfmperf eagerfpu pni pclmulqdq dtes64 monitor ds_cpl vmx est tm2 ssse3 sdbg fma cx16 xtpr pdcm pcid sse4_1 sse4_2 x2apic movbe popcnt tsc_deadline_timer aes xsave avx f16c rdrand lahf_lm abm tpr_shadow vnmi flexpriority ept vpid fsgsbase tsc_adjust bmi1 avx2 smep bmi2 erms invpcid xsaveopt dtherm ida arat pln pts
bugs		:
bogomips	: 7999.70
clflush size	: 64
cache_alignment	: 64
address sizes	: 39 bits physical, 48 bits virtual
power management:

processor	: 5
vendor_id	: GenuineIntel
cpu family	: 6
model		: 60
model name	: Intel(R) Core(TM) i7-4790K CPU @ 4.00GHz
stepping	: 3
microcode	: 0x1e
cpu MHz		: 4361.406
cache size	: 8192 KB
physical id	: 0
siblings	: 8
core id		: 1
cpu cores	: 4
apicid		: 3
initial apicid	: 3
fpu		: yes
fpu_exception	: yes
cpuid level	: 13
wp		: yes
flags		: fpu vme de pse tsc msr pae mce cx8 apic sep mtrr pge mca cmov pat pse36 clflush dts acpi mmx fxsr sse sse2 ss ht tm pbe syscall nx pdpe1gb rdtscp lm constant_tsc arch_perfmon pebs bts rep_good nopl xtopology nonstop_tsc aperfmperf eagerfpu pni pclmulqdq dtes64 monitor ds_cpl vmx est tm2 ssse3 sdbg fma cx16 xtpr pdcm pcid sse4_1 sse4_2 x2apic movbe popcnt tsc_deadline_timer aes xsave avx f16c rdrand lahf_lm abm tpr_shadow vnmi flexpriority ept vpid fsgsbase tsc_adjust bmi1 avx2 smep bmi2 erms invpcid xsaveopt dtherm ida arat pln pts
bugs		:
bogomips	: 7999.70
clflush size	: 64
cache_alignment	: 64
address sizes	: 39 bits physical, 48 bits virtual
power management:

processor	: 6
vendor_id	: GenuineIntel
cpu family	: 6
model		: 60
model name	: Intel(R) Core(TM) i7-4790K CPU @ 4.00GHz
stepping	: 3
microcode	: 0x1e
cpu MHz		: 4235.781
cache size	: 8192 KB
physical id	: 0
siblings	: 8
core id		: 2
cpu cores	: 4
apicid		: 5
initial apicid	: 5
fpu		: yes
fpu_exception	: yes
cpuid level	: 13
wp		: yes
flags		: fpu vme de pse tsc msr pae mce cx8 apic sep mtrr pge mca cmov pat pse36 clflush dts acpi mmx fxsr sse sse2 ss ht tm pbe syscall nx pdpe1gb rdtscp lm constant_tsc arch_perfmon pebs bts rep_good nopl xtopology nonstop_tsc aperfmperf eagerfpu pni pclmulqdq dtes64 monitor ds_cpl vmx est tm2 ssse3 sdbg fma cx16 xtpr pdcm pcid sse4_1 sse4_2 x2apic movbe popcnt tsc_deadline_timer aes xsave avx f16c rdrand lahf_lm abm tpr_shadow vnmi flexpriority ept vpid fsgsbase tsc_adjust bmi1 avx2 smep bmi2 erms invpcid xsaveopt dtherm ida arat pln pts
bugs		:
bogomips	: 7999.70
clflush size	: 64
cache_alignment	: 64
address sizes	: 39 bits physical, 48 bits virtual
power management:

processor	: 7
vendor_id	: GenuineIntel
cpu family	: 6
model		: 60
model name	: Intel(R) Core(TM) i7-4790K CPU @ 4.00GHz
stepping	: 3
microcode	: 0x1e
cpu MHz		: 3869.062
cache size	: 8192 KB
physical id	: 0
siblings	: 8
core id		: 3
cpu cores	: 4
apicid		: 7
initial apicid	: 7
fpu		: yes
fpu_exception	: yes
cpuid level	: 13
wp		: yes
flags		: fpu vme de pse tsc msr pae mce cx8 apic sep mtrr pge mca cmov pat pse36 clflush dts acpi mmx fxsr sse sse2 ss ht tm pbe syscall nx pdpe1gb rdtscp lm constant_tsc arch_perfmon pebs bts rep_good nopl xtopology nonstop_tsc aperfmperf eagerfpu pni pclmulqdq dtes64 monitor ds_cpl vmx est tm2 ssse3 sdbg fma cx16 xtpr pdcm pcid sse4_1 sse4_2 x2apic movbe popcnt tsc_deadline_timer aes xsave avx f16c rdrand lahf_lm abm tpr_shadow vnmi flexpriority ept vpid fsgsbase tsc_adjust bmi1 avx2 smep bmi2 erms invpcid xsaveopt dtherm ida arat pln pts
bugs		:
bogomips	: 7999.70
clflush size	: 64
cache_alignment	: 64
address sizes	: 39 bits physical, 48 bits virtual
power management:



Memory: 4k page, physical 8065644k(127760k free), swap 0k(0k free)

vm_info: OpenJDK 64-Bit Server VM (25.112-b06) for linux-amd64 JRE (1.8.0_112-release-b06), built on Dec  6 2016 12:11:18 by "builder" with gcc 4.8.4

time: Tue Apr  4 09:59:33 2017
elapsed time: 11 seconds (0d 0h 0m 11s)

