#
# There is insufficient memory for the Java Runtime Environment to continue.
# Native memory allocation (mmap) failed to map 87031808 bytes for committing reserved memory.
# Possible reasons:
#   The system is out of physical RAM or swap space
#   In 32 bit mode, the process size limit was hit
# Possible solutions:
#   Reduce memory load on the system
#   Increase physical memory or swap space
#   Check if swap backing store is full
#   Use 64 bit Java on a 64 bit OS
#   Decrease Java heap size (-Xmx/-Xms)
#   Decrease number of Java threads
#   Decrease Java thread stack sizes (-Xss)
#   Set larger code cache with -XX:ReservedCodeCacheSize=
# This output file may be truncated or incomplete.
#
#  Out of Memory Error (os_linux.cpp:2627), pid=22875, tid=0x00007f810a9a9700
#
# JRE version:  (8.0_112-b06) (build )
# Java VM: OpenJDK 64-Bit Server VM (25.112-b06 mixed mode linux-amd64 compressed oops)
# Failed to write core dump. Core dumps have been disabled. To enable core dumping, try "ulimit -c unlimited" before starting Java again
#

---------------  T H R E A D  ---------------

Current thread (0x00007f810400a000):  JavaThread "Unknown thread" [_thread_in_vm, id=22876, stack(0x00007f810a8a9000,0x00007f810a9aa000)]

Stack: [0x00007f810a8a9000,0x00007f810a9aa000],  sp=0x00007f810a9a8630,  free space=1021k
Native frames: (J=compiled Java code, j=interpreted, Vv=VM code, C=native code)
V  [libjvm.so+0x9e465d]  VMError::report_and_die()+0x15d
V  [libjvm.so+0x4b6ada]  report_vm_out_of_memory(char const*, int, unsigned long, VMErrorType, char const*)+0x8a
V  [libjvm.so+0x84c860]  os::pd_commit_memory(char*, unsigned long, unsigned long, bool)+0xf0
V  [libjvm.so+0x84737f]  os::commit_memory(char*, unsigned long, unsigned long, bool)+0x1f
V  [libjvm.so+0x8bd3db]  PSVirtualSpace::expand_by(unsigned long)+0x5b
V  [libjvm.so+0x8af358]  PSOldGen::initialize(ReservedSpace, unsigned long, char const*, int)+0xa8
V  [libjvm.so+0x2c3c33]  AdjoiningGenerations::AdjoiningGenerations(ReservedSpace, GenerationSizer*, unsigned long)+0x353
V  [libjvm.so+0x870421]  ParallelScavengeHeap::initialize()+0x211
V  [libjvm.so+0x9b04c9]  Universe::initialize_heap()+0x189
V  [libjvm.so+0x9b06c3]  universe_init()+0x33
V  [libjvm.so+0x5ddf25]  init_globals()+0x55
V  [libjvm.so+0x993bd3]  Threads::create_vm(JavaVMInitArgs*, bool*)+0x2b3
V  [libjvm.so+0x64b5e2]  JNI_CreateJavaVM+0x52
C  [libjli.so+0x77c8]  JavaMain+0x88
C  [libpthread.so.0+0x76ba]  start_thread+0xca


---------------  P R O C E S S  ---------------

Java Threads: ( => current thread )

Other Threads:

=>0x00007f810400a000 (exited) JavaThread "Unknown thread" [_thread_in_vm, id=22876, stack(0x00007f810a8a9000,0x00007f810a9aa000)]

VM state:not at safepoint (not fully initialized)

VM Mutex/Monitor currently owned by a thread: None

GC Heap History (0 events):
No events

Deoptimization events (0 events):
No events

Internal exceptions (0 events):
No events

Events (0 events):
No events


Dynamic libraries:
00400000-00401000 r-xp 00000000 08:11 3019779                            /home/chris/Downloads/android-studio/jre/jre/bin/java
00600000-00601000 r--p 00000000 08:11 3019779                            /home/chris/Downloads/android-studio/jre/jre/bin/java
00601000-00602000 rw-p 00001000 08:11 3019779                            /home/chris/Downloads/android-studio/jre/jre/bin/java
01db4000-01dd5000 rw-p 00000000 00:00 0                                  [heap]
8a100000-d6f80000 ---p 00000000 00:00 0 
d6f80000-d9880000 rw-p 00000000 00:00 0 
d9880000-100000000 ---p 00000000 00:00 0 
7f80f40a3000-7f80f422c000 rw-p 00000000 00:00 0 
7f80f422c000-7f80f44bc000 ---p 00000000 00:00 0 
7f80f44bc000-7f80f44d2000 rw-p 00000000 00:00 0 
7f80f44d2000-7f80f4605000 ---p 00000000 00:00 0 
7f80f4605000-7f80f4610000 rw-p 00000000 00:00 0 
7f80f4610000-7f80f49c6000 ---p 00000000 00:00 0 
7f80f49c6000-7f80f4c36000 rwxp 00000000 00:00 0 
7f80f4c36000-7f81039c6000 ---p 00000000 00:00 0 
7f81039c6000-7f81039e0000 r-xp 00000000 08:11 3019824                    /home/chris/Downloads/android-studio/jre/jre/lib/amd64/libzip.so
7f81039e0000-7f8103be0000 ---p 0001a000 08:11 3019824                    /home/chris/Downloads/android-studio/jre/jre/lib/amd64/libzip.so
7f8103be0000-7f8103be1000 r--p 0001a000 08:11 3019824                    /home/chris/Downloads/android-studio/jre/jre/lib/amd64/libzip.so
7f8103be1000-7f8103be2000 rw-p 0001b000 08:11 3019824                    /home/chris/Downloads/android-studio/jre/jre/lib/amd64/libzip.so
7f8103be2000-7f8103bed000 r-xp 00000000 08:11 2622623                    /lib/x86_64-linux-gnu/libnss_files-2.23.so
7f8103bed000-7f8103dec000 ---p 0000b000 08:11 2622623                    /lib/x86_64-linux-gnu/libnss_files-2.23.so
7f8103dec000-7f8103ded000 r--p 0000a000 08:11 2622623                    /lib/x86_64-linux-gnu/libnss_files-2.23.so
7f8103ded000-7f8103dee000 rw-p 0000b000 08:11 2622623                    /lib/x86_64-linux-gnu/libnss_files-2.23.so
7f8103dee000-7f8103df4000 rw-p 00000000 00:00 0 
7f8103df4000-7f8103dff000 r-xp 00000000 08:11 2622387                    /lib/x86_64-linux-gnu/libnss_nis-2.23.so
7f8103dff000-7f8103ffe000 ---p 0000b000 08:11 2622387                    /lib/x86_64-linux-gnu/libnss_nis-2.23.so
7f8103ffe000-7f8103fff000 r--p 0000a000 08:11 2622387                    /lib/x86_64-linux-gnu/libnss_nis-2.23.so
7f8103fff000-7f8104000000 rw-p 0000b000 08:11 2622387                    /lib/x86_64-linux-gnu/libnss_nis-2.23.so
7f8104000000-7f8104034000 rw-p 00000000 00:00 0 
7f8104034000-7f8108000000 ---p 00000000 00:00 0 
7f8108054000-7f8108141000 rw-p 00000000 00:00 0 
7f8108141000-7f8108157000 r-xp 00000000 08:11 2622619                    /lib/x86_64-linux-gnu/libnsl-2.23.so
7f8108157000-7f8108356000 ---p 00016000 08:11 2622619                    /lib/x86_64-linux-gnu/libnsl-2.23.so
7f8108356000-7f8108357000 r--p 00015000 08:11 2622619                    /lib/x86_64-linux-gnu/libnsl-2.23.so
7f8108357000-7f8108358000 rw-p 00016000 08:11 2622619                    /lib/x86_64-linux-gnu/libnsl-2.23.so
7f8108358000-7f810835a000 rw-p 00000000 00:00 0 
7f810835a000-7f8108362000 r-xp 00000000 08:11 2622620                    /lib/x86_64-linux-gnu/libnss_compat-2.23.so
7f8108362000-7f8108561000 ---p 00008000 08:11 2622620                    /lib/x86_64-linux-gnu/libnss_compat-2.23.so
7f8108561000-7f8108562000 r--p 00007000 08:11 2622620                    /lib/x86_64-linux-gnu/libnss_compat-2.23.so
7f8108562000-7f8108563000 rw-p 00008000 08:11 2622620                    /lib/x86_64-linux-gnu/libnss_compat-2.23.so
7f8108563000-7f8108590000 r-xp 00000000 08:11 3019842                    /home/chris/Downloads/android-studio/jre/jre/lib/amd64/libjava.so
7f8108590000-7f810878f000 ---p 0002d000 08:11 3019842                    /home/chris/Downloads/android-studio/jre/jre/lib/amd64/libjava.so
7f810878f000-7f8108790000 r--p 0002c000 08:11 3019842                    /home/chris/Downloads/android-studio/jre/jre/lib/amd64/libjava.so
7f8108790000-7f8108792000 rw-p 0002d000 08:11 3019842                    /home/chris/Downloads/android-studio/jre/jre/lib/amd64/libjava.so
7f8108792000-7f81087a2000 r-xp 00000000 08:11 3019813                    /home/chris/Downloads/android-studio/jre/jre/lib/amd64/libverify.so
7f81087a2000-7f81089a1000 ---p 00010000 08:11 3019813                    /home/chris/Downloads/android-studio/jre/jre/lib/amd64/libverify.so
7f81089a1000-7f81089a3000 r--p 0000f000 08:11 3019813                    /home/chris/Downloads/android-studio/jre/jre/lib/amd64/libverify.so
7f81089a3000-7f81089a4000 rw-p 00011000 08:11 3019813                    /home/chris/Downloads/android-studio/jre/jre/lib/amd64/libverify.so
7f81089a4000-7f81089ab000 r-xp 00000000 08:11 2622386                    /lib/x86_64-linux-gnu/librt-2.23.so
7f81089ab000-7f8108baa000 ---p 00007000 08:11 2622386                    /lib/x86_64-linux-gnu/librt-2.23.so
7f8108baa000-7f8108bab000 r--p 00006000 08:11 2622386                    /lib/x86_64-linux-gnu/librt-2.23.so
7f8108bab000-7f8108bac000 rw-p 00007000 08:11 2622386                    /lib/x86_64-linux-gnu/librt-2.23.so
7f8108bac000-7f8108cb4000 r-xp 00000000 08:11 2622601                    /lib/x86_64-linux-gnu/libm-2.23.so
7f8108cb4000-7f8108eb3000 ---p 00108000 08:11 2622601                    /lib/x86_64-linux-gnu/libm-2.23.so
7f8108eb3000-7f8108eb4000 r--p 00107000 08:11 2622601                    /lib/x86_64-linux-gnu/libm-2.23.so
7f8108eb4000-7f8108eb5000 rw-p 00108000 08:11 2622601                    /lib/x86_64-linux-gnu/libm-2.23.so
7f8108eb5000-7f8109aa6000 r-xp 00000000 08:11 3019822                    /home/chris/Downloads/android-studio/jre/jre/lib/amd64/server/libjvm.so
7f8109aa6000-7f8109ca6000 ---p 00bf1000 08:11 3019822                    /home/chris/Downloads/android-studio/jre/jre/lib/amd64/server/libjvm.so
7f8109ca6000-7f8109d45000 r--p 00bf1000 08:11 3019822                    /home/chris/Downloads/android-studio/jre/jre/lib/amd64/server/libjvm.so
7f8109d45000-7f8109d6e000 rw-p 00c90000 08:11 3019822                    /home/chris/Downloads/android-studio/jre/jre/lib/amd64/server/libjvm.so
7f8109d6e000-7f8109db2000 rw-p 00000000 00:00 0 
7f8109db2000-7f8109dca000 r-xp 00000000 08:11 2622618                    /lib/x86_64-linux-gnu/libpthread-2.23.so
7f8109dca000-7f8109fc9000 ---p 00018000 08:11 2622618                    /lib/x86_64-linux-gnu/libpthread-2.23.so
7f8109fc9000-7f8109fca000 r--p 00017000 08:11 2622618                    /lib/x86_64-linux-gnu/libpthread-2.23.so
7f8109fca000-7f8109fcb000 rw-p 00018000 08:11 2622618                    /lib/x86_64-linux-gnu/libpthread-2.23.so
7f8109fcb000-7f8109fcf000 rw-p 00000000 00:00 0 
7f8109fcf000-7f8109fd2000 r-xp 00000000 08:11 2622561                    /lib/x86_64-linux-gnu/libdl-2.23.so
7f8109fd2000-7f810a1d1000 ---p 00003000 08:11 2622561                    /lib/x86_64-linux-gnu/libdl-2.23.so
7f810a1d1000-7f810a1d2000 r--p 00002000 08:11 2622561                    /lib/x86_64-linux-gnu/libdl-2.23.so
7f810a1d2000-7f810a1d3000 rw-p 00003000 08:11 2622561                    /lib/x86_64-linux-gnu/libdl-2.23.so
7f810a1d3000-7f810a392000 r-xp 00000000 08:11 2622562                    /lib/x86_64-linux-gnu/libc-2.23.so
7f810a392000-7f810a592000 ---p 001bf000 08:11 2622562                    /lib/x86_64-linux-gnu/libc-2.23.so
7f810a592000-7f810a596000 r--p 001bf000 08:11 2622562                    /lib/x86_64-linux-gnu/libc-2.23.so
7f810a596000-7f810a598000 rw-p 001c3000 08:11 2622562                    /lib/x86_64-linux-gnu/libc-2.23.so
7f810a598000-7f810a59c000 rw-p 00000000 00:00 0 
7f810a59c000-7f810a5b2000 r-xp 00000000 08:11 3019838                    /home/chris/Downloads/android-studio/jre/jre/lib/amd64/jli/libjli.so
7f810a5b2000-7f810a7b1000 ---p 00016000 08:11 3019838                    /home/chris/Downloads/android-studio/jre/jre/lib/amd64/jli/libjli.so
7f810a7b1000-7f810a7b2000 r--p 00015000 08:11 3019838                    /home/chris/Downloads/android-studio/jre/jre/lib/amd64/jli/libjli.so
7f810a7b2000-7f810a7b3000 rw-p 00016000 08:11 3019838                    /home/chris/Downloads/android-studio/jre/jre/lib/amd64/jli/libjli.so
7f810a7b3000-7f810a7d9000 r-xp 00000000 08:11 2622363                    /lib/x86_64-linux-gnu/ld-2.23.so
7f810a8a9000-7f810a8ac000 ---p 00000000 00:00 0 
7f810a8ac000-7f810a9ae000 rw-p 00000000 00:00 0 
7f810a9cc000-7f810a9d4000 rw-s 00000000 08:11 6436621                    /tmp/hsperfdata_chris/22875
7f810a9d4000-7f810a9d5000 rw-p 00000000 00:00 0 
7f810a9d5000-7f810a9d6000 r--p 00000000 00:00 0 
7f810a9d6000-7f810a9d8000 rw-p 00000000 00:00 0 
7f810a9d8000-7f810a9d9000 r--p 00025000 08:11 2622363                    /lib/x86_64-linux-gnu/ld-2.23.so
7f810a9d9000-7f810a9da000 rw-p 00026000 08:11 2622363                    /lib/x86_64-linux-gnu/ld-2.23.so
7f810a9da000-7f810a9db000 rw-p 00000000 00:00 0 
7ffcd7ee1000-7ffcd7f02000 rw-p 00000000 00:00 0                          [stack]
7ffcd7fbc000-7ffcd7fbe000 r--p 00000000 00:00 0                          [vvar]
7ffcd7fbe000-7ffcd7fc0000 r-xp 00000000 00:00 0                          [vdso]
ffffffffff600000-ffffffffff601000 r-xp 00000000 00:00 0                  [vsyscall]

VM Arguments:
java_command: org.jetbrains.git4idea.http.GitAskPassApp Username for 'https://github.com': 
java_class_path (initial): /home/chris/Downloads/android-studio/plugins/git4idea/lib/git4idea-rt.jar:/home/chris/Downloads/android-studio/lib/xmlrpc-2.0.jar:/home/chris/Downloads/android-studio/lib/commons-codec-1.9.jar:/home/chris/Downloads/android-studio/lib/util.jar
Launcher Type: SUN_STANDARD

Environment Variables:
PATH=/usr/lib/git-core:/home/chris/bin:/home/chris/.local/bin:/usr/local/sbin:/usr/local/bin:/usr/sbin:/usr/bin:/sbin:/bin:/usr/games:/usr/local/games:/snap/bin
LD_LIBRARY_PATH=/home/chris/Downloads/android-studio/bin:
SHELL=/bin/bash
DISPLAY=:0

Signal Handlers:
SIGSEGV: [libjvm.so+0x9e5150], sa_mask[0]=11111111011111111101111111111110, sa_flags=SA_RESTART|SA_SIGINFO
SIGBUS: [libjvm.so+0x9e5150], sa_mask[0]=11111111011111111101111111111110, sa_flags=SA_RESTART|SA_SIGINFO
SIGFPE: [libjvm.so+0x848450], sa_mask[0]=11111111011111111101111111111110, sa_flags=SA_RESTART|SA_SIGINFO
SIGPIPE: [libjvm.so+0x848450], sa_mask[0]=11111111011111111101111111111110, sa_flags=SA_RESTART|SA_SIGINFO
SIGXFSZ: [libjvm.so+0x848450], sa_mask[0]=11111111011111111101111111111110, sa_flags=SA_RESTART|SA_SIGINFO
SIGILL: [libjvm.so+0x848450], sa_mask[0]=11111111011111111101111111111110, sa_flags=SA_RESTART|SA_SIGINFO
SIGUSR1: SIG_DFL, sa_mask[0]=00000000000000000000000000000000, sa_flags=none
SIGUSR2: [libjvm.so+0x848320], sa_mask[0]=00100000000000000000000000000000, sa_flags=SA_RESTART|SA_SIGINFO
SIGHUP: SIG_DFL, sa_mask[0]=00000000000000000000000000000000, sa_flags=none
SIGINT: SIG_DFL, sa_mask[0]=00000000000000000000000000000000, sa_flags=none
SIGTERM: SIG_DFL, sa_mask[0]=00000000000000000000000000000000, sa_flags=none
SIGQUIT: SIG_DFL, sa_mask[0]=00000000000000000000000000000000, sa_flags=none


---------------  S Y S T E M  ---------------

OS:DISTRIB_ID=Ubuntu
DISTRIB_RELEASE=16.04
DISTRIB_CODENAME=xenial
DISTRIB_DESCRIPTION="Ubuntu 16.04.1 LTS"

uname:Linux 4.4.0-66-generic #87-Ubuntu SMP Fri Mar 3 15:29:05 UTC 2017 x86_64
libc:glibc 2.23 NPTL 2.23 
rlimit: STACK 8192k, CORE 0k, NPROC 31349, NOFILE 65536, AS infinity
load average:3.92 1.34 0.76

/proc/meminfo:
MemTotal:        8065640 kB
MemFree:          122384 kB
MemAvailable:      24720 kB
Buffers:             412 kB
Cached:           137764 kB
SwapCached:            0 kB
Active:          6364680 kB
Inactive:         132920 kB
Active(anon):    6364680 kB
Inactive(anon):   121388 kB
Active(file):          0 kB
Inactive(file):    11532 kB
Unevictable:          40 kB
Mlocked:              40 kB
SwapTotal:             0 kB
SwapFree:              0 kB
Dirty:                32 kB
Writeback:             0 kB
AnonPages:       6362984 kB
Mapped:           876684 kB
Shmem:            123124 kB
Slab:             135420 kB
SReclaimable:      65120 kB
SUnreclaim:        70300 kB
KernelStack:       13856 kB
PageTables:        55312 kB
NFS_Unstable:          0 kB
Bounce:                0 kB
WritebackTmp:          0 kB
CommitLimit:     4032820 kB
Committed_AS:   11699724 kB
VmallocTotal:   34359738367 kB
VmallocUsed:           0 kB
VmallocChunk:          0 kB
HardwareCorrupted:     0 kB
AnonHugePages:   3700736 kB
CmaTotal:              0 kB
CmaFree:               0 kB
HugePages_Total:       0
HugePages_Free:        0
HugePages_Rsvd:        0
HugePages_Surp:        0
Hugepagesize:       2048 kB
DirectMap4k:     1572488 kB
DirectMap2M:     6707200 kB
DirectMap1G:           0 kB


CPU:total 8 (4 cores per cpu, 2 threads per core) family 6 model 60 stepping 3, cmov, cx8, fxsr, mmx, sse, sse2, sse3, ssse3, sse4.1, sse4.2, popcnt, avx, avx2, aes, clmul, erms, lzcnt, ht, tsc, tscinvbit, bmi1, bmi2

/proc/cpuinfo:
processor	: 0
vendor_id	: GenuineIntel
cpu family	: 6
model		: 60
model name	: Intel(R) Core(TM) i7-4790K CPU @ 4.00GHz
stepping	: 3
microcode	: 0x1e
cpu MHz		: 3734.375
cache size	: 8192 KB
physical id	: 0
siblings	: 8
core id		: 0
cpu cores	: 4
apicid		: 0
initial apicid	: 0
fpu		: yes
fpu_exception	: yes
cpuid level	: 13
wp		: yes
flags		: fpu vme de pse tsc msr pae mce cx8 apic sep mtrr pge mca cmov pat pse36 clflush dts acpi mmx fxsr sse sse2 ss ht tm pbe syscall nx pdpe1gb rdtscp lm constant_tsc arch_perfmon pebs bts rep_good nopl xtopology nonstop_tsc aperfmperf eagerfpu pni pclmulqdq dtes64 monitor ds_cpl vmx est tm2 ssse3 sdbg fma cx16 xtpr pdcm pcid sse4_1 sse4_2 x2apic movbe popcnt tsc_deadline_timer aes xsave avx f16c rdrand lahf_lm abm tpr_shadow vnmi flexpriority ept vpid fsgsbase tsc_adjust bmi1 avx2 smep bmi2 erms invpcid xsaveopt dtherm ida arat pln pts
bugs		:
bogomips	: 8000.48
clflush size	: 64
cache_alignment	: 64
address sizes	: 39 bits physical, 48 bits virtual
power management:

processor	: 1
vendor_id	: GenuineIntel
cpu family	: 6
model		: 60
model name	: Intel(R) Core(TM) i7-4790K CPU @ 4.00GHz
stepping	: 3
microcode	: 0x1e
cpu MHz		: 4271.562
cache size	: 8192 KB
physical id	: 0
siblings	: 8
core id		: 1
cpu cores	: 4
apicid		: 2
initial apicid	: 2
fpu		: yes
fpu_exception	: yes
cpuid level	: 13
wp		: yes
flags		: fpu vme de pse tsc msr pae mce cx8 apic sep mtrr pge mca cmov pat pse36 clflush dts acpi mmx fxsr sse sse2 ss ht tm pbe syscall nx pdpe1gb rdtscp lm constant_tsc arch_perfmon pebs bts rep_good nopl xtopology nonstop_tsc aperfmperf eagerfpu pni pclmulqdq dtes64 monitor ds_cpl vmx est tm2 ssse3 sdbg fma cx16 xtpr pdcm pcid sse4_1 sse4_2 x2apic movbe popcnt tsc_deadline_timer aes xsave avx f16c rdrand lahf_lm abm tpr_shadow vnmi flexpriority ept vpid fsgsbase tsc_adjust bmi1 avx2 smep bmi2 erms invpcid xsaveopt dtherm ida arat pln pts
bugs		:
bogomips	: 8000.48
clflush size	: 64
cache_alignment	: 64
address sizes	: 39 bits physical, 48 bits virtual
power management:

processor	: 2
vendor_id	: GenuineIntel
cpu family	: 6
model		: 60
model name	: Intel(R) Core(TM) i7-4790K CPU @ 4.00GHz
stepping	: 3
microcode	: 0x1e
cpu MHz		: 4281.406
cache size	: 8192 KB
physical id	: 0
siblings	: 8
core id		: 2
cpu cores	: 4
apicid		: 4
initial apicid	: 4
fpu		: yes
fpu_exception	: yes
cpuid level	: 13
wp		: yes
flags		: fpu vme de pse tsc msr pae mce cx8 apic sep mtrr pge mca cmov pat pse36 clflush dts acpi mmx fxsr sse sse2 ss ht tm pbe syscall nx pdpe1gb rdtscp lm constant_tsc arch_perfmon pebs bts rep_good nopl xtopology nonstop_tsc aperfmperf eagerfpu pni pclmulqdq dtes64 monitor ds_cpl vmx est tm2 ssse3 sdbg fma cx16 xtpr pdcm pcid sse4_1 sse4_2 x2apic movbe popcnt tsc_deadline_timer aes xsave avx f16c rdrand lahf_lm abm tpr_shadow vnmi flexpriority ept vpid fsgsbase tsc_adjust bmi1 avx2 smep bmi2 erms invpcid xsaveopt dtherm ida arat pln pts
bugs		:
bogomips	: 8000.48
clflush size	: 64
cache_alignment	: 64
address sizes	: 39 bits physical, 48 bits virtual
power management:

processor	: 3
vendor_id	: GenuineIntel
cpu family	: 6
model		: 60
model name	: Intel(R) Core(TM) i7-4790K CPU @ 4.00GHz
stepping	: 3
microcode	: 0x1e
cpu MHz		: 4193.750
cache size	: 8192 KB
physical id	: 0
siblings	: 8
core id		: 3
cpu cores	: 4
apicid		: 6
initial apicid	: 6
fpu		: yes
fpu_exception	: yes
cpuid level	: 13
wp		: yes
flags		: fpu vme de pse tsc msr pae mce cx8 apic sep mtrr pge mca cmov pat pse36 clflush dts acpi mmx fxsr sse sse2 ss ht tm pbe syscall nx pdpe1gb rdtscp lm constant_tsc arch_perfmon pebs bts rep_good nopl xtopology nonstop_tsc aperfmperf eagerfpu pni pclmulqdq dtes64 monitor ds_cpl vmx est tm2 ssse3 sdbg fma cx16 xtpr pdcm pcid sse4_1 sse4_2 x2apic movbe popcnt tsc_deadline_timer aes xsave avx f16c rdrand lahf_lm abm tpr_shadow vnmi flexpriority ept vpid fsgsbase tsc_adjust bmi1 avx2 smep bmi2 erms invpcid xsaveopt dtherm ida arat pln pts
bugs		:
bogomips	: 8000.48
clflush size	: 64
cache_alignment	: 64
address sizes	: 39 bits physical, 48 bits virtual
power management:

processor	: 4
vendor_id	: GenuineIntel
cpu family	: 6
model		: 60
model name	: Intel(R) Core(TM) i7-4790K CPU @ 4.00GHz
stepping	: 3
microcode	: 0x1e
cpu MHz		: 4242.343
cache size	: 8192 KB
physical id	: 0
siblings	: 8
core id		: 0
cpu cores	: 4
apicid		: 1
initial apicid	: 1
fpu		: yes
fpu_exception	: yes
cpuid level	: 13
wp		: yes
flags		: fpu vme de pse tsc msr pae mce cx8 apic sep mtrr pge mca cmov pat pse36 clflush dts acpi mmx fxsr sse sse2 ss ht tm pbe syscall nx pdpe1gb rdtscp lm constant_tsc arch_perfmon pebs bts rep_good nopl xtopology nonstop_tsc aperfmperf eagerfpu pni pclmulqdq dtes64 monitor ds_cpl vmx est tm2 ssse3 sdbg fma cx16 xtpr pdcm pcid sse4_1 sse4_2 x2apic movbe popcnt tsc_deadline_timer aes xsave avx f16c rdrand lahf_lm abm tpr_shadow vnmi flexpriority ept vpid fsgsbase tsc_adjust bmi1 avx2 smep bmi2 erms invpcid xsaveopt dtherm ida arat pln pts
bugs		:
bogomips	: 8000.48
clflush size	: 64
cache_alignment	: 64
address sizes	: 39 bits physical, 48 bits virtual
power management:

processor	: 5
vendor_id	: GenuineIntel
cpu family	: 6
model		: 60
model name	: Intel(R) Core(TM) i7-4790K CPU @ 4.00GHz
stepping	: 3
microcode	: 0x1e
cpu MHz		: 4169.375
cache size	: 8192 KB
physical id	: 0
siblings	: 8
core id		: 1
cpu cores	: 4
apicid		: 3
initial apicid	: 3
fpu		: yes
fpu_exception	: yes
cpuid level	: 13
wp		: yes
flags		: fpu vme de pse tsc msr pae mce cx8 apic sep mtrr pge mca cmov pat pse36 clflush dts acpi mmx fxsr sse sse2 ss ht tm pbe syscall nx pdpe1gb rdtscp lm constant_tsc arch_perfmon pebs bts rep_good nopl xtopology nonstop_tsc aperfmperf eagerfpu pni pclmulqdq dtes64 monitor ds_cpl vmx est tm2 ssse3 sdbg fma cx16 xtpr pdcm pcid sse4_1 sse4_2 x2apic movbe popcnt tsc_deadline_timer aes xsave avx f16c rdrand lahf_lm abm tpr_shadow vnmi flexpriority ept vpid fsgsbase tsc_adjust bmi1 avx2 smep bmi2 erms invpcid xsaveopt dtherm ida arat pln pts
bugs		:
bogomips	: 8000.48
clflush size	: 64
cache_alignment	: 64
address sizes	: 39 bits physical, 48 bits virtual
power management:

processor	: 6
vendor_id	: GenuineIntel
cpu family	: 6
model		: 60
model name	: Intel(R) Core(TM) i7-4790K CPU @ 4.00GHz
stepping	: 3
microcode	: 0x1e
cpu MHz		: 4225.625
cache size	: 8192 KB
physical id	: 0
siblings	: 8
core id		: 2
cpu cores	: 4
apicid		: 5
initial apicid	: 5
fpu		: yes
fpu_exception	: yes
cpuid level	: 13
wp		: yes
flags		: fpu vme de pse tsc msr pae mce cx8 apic sep mtrr pge mca cmov pat pse36 clflush dts acpi mmx fxsr sse sse2 ss ht tm pbe syscall nx pdpe1gb rdtscp lm constant_tsc arch_perfmon pebs bts rep_good nopl xtopology nonstop_tsc aperfmperf eagerfpu pni pclmulqdq dtes64 monitor ds_cpl vmx est tm2 ssse3 sdbg fma cx16 xtpr pdcm pcid sse4_1 sse4_2 x2apic movbe popcnt tsc_deadline_timer aes xsave avx f16c rdrand lahf_lm abm tpr_shadow vnmi flexpriority ept vpid fsgsbase tsc_adjust bmi1 avx2 smep bmi2 erms invpcid xsaveopt dtherm ida arat pln pts
bugs		:
bogomips	: 8000.48
clflush size	: 64
cache_alignment	: 64
address sizes	: 39 bits physical, 48 bits virtual
power management:

processor	: 7
vendor_id	: GenuineIntel
cpu family	: 6
model		: 60
model name	: Intel(R) Core(TM) i7-4790K CPU @ 4.00GHz
stepping	: 3
microcode	: 0x1e
cpu MHz		: 3887.812
cache size	: 8192 KB
physical id	: 0
siblings	: 8
core id		: 3
cpu cores	: 4
apicid		: 7
initial apicid	: 7
fpu		: yes
fpu_exception	: yes
cpuid level	: 13
wp		: yes
flags		: fpu vme de pse tsc msr pae mce cx8 apic sep mtrr pge mca cmov pat pse36 clflush dts acpi mmx fxsr sse sse2 ss ht tm pbe syscall nx pdpe1gb rdtscp lm constant_tsc arch_perfmon pebs bts rep_good nopl xtopology nonstop_tsc aperfmperf eagerfpu pni pclmulqdq dtes64 monitor ds_cpl vmx est tm2 ssse3 sdbg fma cx16 xtpr pdcm pcid sse4_1 sse4_2 x2apic movbe popcnt tsc_deadline_timer aes xsave avx f16c rdrand lahf_lm abm tpr_shadow vnmi flexpriority ept vpid fsgsbase tsc_adjust bmi1 avx2 smep bmi2 erms invpcid xsaveopt dtherm ida arat pln pts
bugs		:
bogomips	: 8000.48
clflush size	: 64
cache_alignment	: 64
address sizes	: 39 bits physical, 48 bits virtual
power management:



Memory: 4k page, physical 8065640k(124672k free), swap 0k(0k free)

vm_info: OpenJDK 64-Bit Server VM (25.112-b06) for linux-amd64 JRE (1.8.0_112-release-b06), built on Dec  6 2016 12:11:18 by "builder" with gcc 4.8.4

time: Mon Mar 20 20:08:54 2017
elapsed time: 8 seconds (0d 0h 0m 8s)

